1 0.554 3.20899 0
2 0.5615 3.18755 0.0151542
3 0.564333 3.17511 0.0143275
4 0.56275 3.17111 0.0112916
5 0.5662 3.16485 0.0106246
6 0.567333 3.15964 0.0100521
7 0.565 3.15776 0.00878936
8 0.564875 3.15644 0.00778913
9 0.563889 3.15603 0.00693471
10 0.5666 3.15419 0.00648087
11 0.567909 3.15202 0.00624233
12 0.570917 3.14885 0.00648036
13 0.572385 3.14555 0.00677131
14 0.572 3.14286 0.00679792
15 0.572333 3.14042 0.00677006
16 0.570687 3.13884 0.00652853
17 0.571059 3.13733 0.00631729
18 0.569944 3.13632 0.00604596
19 0.570316 3.13531 0.00581106
20 0.5698 3.13455 0.00557071
21 0.57081 3.13359 0.00538673
22 0.570864 3.13271 0.00521358
23 0.570348 3.13203 0.00503141
24 0.568833 3.13175 0.00482956
25 0.56876 3.13151 0.00464242
26 0.568385 3.13136 0.00446608
27 0.567926 3.13132 0.00430085
28 0.567893 3.13129 0.00414735
29 0.568103 3.13123 0.0040049
30 0.567767 3.13122 0.0038714
31 0.567226 3.13132 0.00374768
32 0.56725 3.1314 0.00363152
33 0.566788 3.13156 0.00352486
34 0.566353 3.13178 0.00342796
35 0.566714 3.13193 0.00333326
36 0.566306 3.13213 0.00324688
37 0.565703 3.13241 0.00317143
38 0.565684 3.13268 0.00309951
39 0.566077 3.13289 0.00302654
40 0.5659 3.1331 0.00295854
41 0.566317 3.13325 0.00289011
42 0.566571 3.13336 0.00282331
43 0.565953 3.13354 0.00276355
44 0.565977 3.13371 0.00270604
45 0.5662 3.13385 0.00264933
46 0.566109 3.13399 0.0025955
47 0.566064 3.13413 0.00254408
48 0.566292 3.13424 0.00249339
49 0.566327 3.13434 0.00244451
50 0.56632 3.13443 0.00239753
51 0.566235 3.13454 0.0023527
52 0.566135 3.13465 0.00230998
53 0.566038 3.13476 0.00226925
54 0.566185 3.13486 0.00222924
55 0.565909 3.13498 0.00219194
56 0.565893 3.13509 0.00215593
57 0.565912 3.13521 0.00212098
58 0.565983 3.13531 0.0020868
59 0.566186 3.13538 0.00205289
60 0.566483 3.13543 0.00201924
61 0.566557 3.13547 0.00198653
62 0.566323 3.13553 0.00195538
63 0.566651 3.13556 0.00192455
64 0.566594 3.13559 0.00189476
65 0.566677 3.13562 0.00186577
66 0.566773 3.13563 0.00183757
67 0.566657 3.13566 0.00181032
68 0.566471 3.1357 0.00178412
69 0.566739 3.13571 0.00175834
70 0.566643 3.13574 0.00173339
71 0.566549 3.13577 0.00170924
72 0.566472 3.1358 0.00168587
73 0.566219 3.13586 0.00166364
74 0.566135 3.13592 0.00164219
75 0.56616 3.13597 0.00162123
76 0.566316 3.13601 0.00160045
77 0.566117 3.13607 0.00158063
78 0.566218 3.13612 0.00156107
79 0.56662 3.13614 0.00154141
80 0.566388 3.13617 0.0015225
81 0.566457 3.1362 0.00150396
82 0.566244 3.13624 0.00148619
83 0.566265 3.13628 0.00146879
84 0.565929 3.13634 0.00145255
85 0.566106 3.13638 0.00143623
86 0.566116 3.13643 0.00142025
87 0.566 3.13648 0.00140488
88 0.56633 3.13651 0.00138924
89 0.566416 3.13654 0.00137383
90 0.566444 3.13656 0.00135874
91 0.566176 3.1366 0.00134433
92 0.565859 3.13665 0.00133087
93 0.56571 3.13671 0.00131808
94 0.565585 3.13678 0.00130589
95 0.565463 3.13686 0.00129431
96 0.565427 3.13694 0.00128305
97 0.565258 3.13702 0.00127256
98 0.565316 3.1371 0.00126202
99 0.565162 3.13718 0.00125219
100 0.56491 3.13728 0.00124352
