1 168.167
2 170.329
3 160.058
4 168.319
5 168.884
6 164.991
7 169.461
8 171.82
9 169.143
10 170.95
11 164.115
12 168.002
13 162.426
14 158.917
15 166.673
16 158.002
17 173.611
18 176.097
19 171.172
20 164.811
21 172.323
22 167.818
23 167.844
24 167.752
25 166.392
26 162.723
27 170.489
28 175.523
29 171.671
30 165.222
31 166.468
32 177.169
33 164.794
34 155.792
35 169.474
36 172.336
37 163.458
38 169.32
39 169.168
40 173.769
41 165.655
42 171.61
43 162.083
44 163.747
45 167.632
46 172.625
47 165.924
48 177.042
49 159.841
50 160.056
51 154.482
52 165.463
53 164.293
54 167.566
55 172.14
56 165.08
57 162.113
58 157.654
59 171.124
60 172.168
61 164.92
62 166.903
63 172.904
64 163.418
65 165.365
66 168.855
67 168.342
68 165.293
69 169.628
70 166.155
71 170.071
72 167.965
73 166.442
74 174.315
75 171.739
76 167.771
77 165.095
78 171.393
79 165.392
80 155.223
81 163.238
82 164.309
83 169.474
84 168.147
85 168.642
86 166.227
87 164.131
88 175.802
89 170.939
90 167.963
91 167.626
92 169.567
93 176.404
94 169.056
95 179.428
96 167.99
97 166.004
98 167.601
99 171.435
100 174.148
