1 0.0851372 0.0851372 0
2 0.0797695 0.0824533 0.00189779
3 0.0799563 0.081621 0.00143616
4 0.083725 0.082147 0.00116948
5 0.0833923 0.0823961 0.000961743
6 0.0850428 0.0828372 0.000896934
7 0.0808683 0.0825559 0.000811704
8 0.0828467 0.0825923 0.000711054
9 0.0830761 0.082646 0.000634077
10 0.0815887 0.0825403 0.000579417
11 0.082832 0.0825668 0.000527349
12 0.081467 0.0824752 0.000491302
13 0.0824867 0.082476 0.00045351
14 0.0887054 0.082921 0.000600986
15 0.0812613 0.0828104 0.000571015
16 0.0815432 0.0827312 0.00054079
17 0.0815776 0.0826633 0.000513219
18 0.0873235 0.0829222 0.00054612
19 0.0819482 0.0828709 0.000519777
20 0.0826022 0.0828575 0.000493962
21 0.081194 0.0827783 0.000476749
22 0.0842931 0.0828471 0.000460024
23 0.0846013 0.0829234 0.0004463
24 0.0838581 0.0829624 0.0004294
25 0.0833237 0.0829768 0.000412467
26 0.0841217 0.0830208 0.000398947
27 0.084833 0.083088 0.000389776
28 0.0857968 0.0831847 0.000387676
29 0.0842904 0.0832228 0.000376178
30 0.0850567 0.083284 0.000368571
31 0.0775264 0.0830982 0.000400755
32 0.082674 0.083085 0.00038845
33 0.0852534 0.0831507 0.000382196
34 0.0819839 0.0831164 0.000372493
35 0.0805255 0.0830423 0.000369132
36 0.0813797 0.0829962 0.000361756
37 0.0796244 0.082905 0.000363276
38 0.0825871 0.0828967 0.000353812
39 0.0814461 0.0828595 0.000346689
40 0.0869594 0.082962 0.000352849
41 0.0859267 0.0830343 0.000351574
42 0.0839541 0.0830562 0.000343885
43 0.0876952 0.0831641 0.000352404
44 0.0852382 0.0832112 0.000347533
45 0.086449 0.0832832 0.000347179
46 0.0845842 0.0833114 0.000340781
47 0.0848028 0.0833432 0.000335005
48 0.0883059 0.0834466 0.000343609
49 0.0849713 0.0834777 0.000338003
50 0.0843873 0.0834959 0.000331732
51 0.0822698 0.0834718 0.000326097
52 0.0814432 0.0834328 0.000322151
53 0.0851089 0.0834644 0.000317621
54 0.0844845 0.0834833 0.000312301
55 0.0848461 0.0835081 0.000307604
56 0.08339 0.083506 0.000302118
57 0.0853881 0.083539 0.000298617
58 0.0812438 0.0834994 0.000296079
59 0.0815744 0.0834668 0.000292853
60 0.0836603 0.08347 0.00028799
61 0.0835797 0.0834718 0.000283274
62 0.0855616 0.0835055 0.000280703
63 0.0866882 0.0835561 0.000280757
64 0.0811138 0.0835179 0.000278951
65 0.0815121 0.083487 0.000276361
66 0.0825108 0.0834723 0.00027257
67 0.0849683 0.0834946 0.000269414
68 0.0797187 0.0834391 0.000271114
69 0.0803664 0.0833945 0.000270818
70 0.0829756 0.0833885 0.000267015
71 0.0814572 0.0833613 0.000264636
72 0.0851845 0.0833867 0.000262169
73 0.0820894 0.0833689 0.00025918
74 0.0832006 0.0833666 0.000255687
75 0.0859308 0.0834008 0.000254554
76 0.0862301 0.083438 0.000253912
77 0.0799557 0.0833928 0.00025461
78 0.0829963 0.0833877 0.000251397
79 0.0818376 0.0833681 0.000248979
80 0.0829295 0.0833626 0.000245927
81 0.0783552 0.0833008 0.00025054
82 0.082512 0.0832912 0.00024767
83 0.0871664 0.0833379 0.000249047
84 0.0828713 0.0833323 0.000246145
85 0.0824638 0.0833221 0.000243461
86 0.0835929 0.0833252 0.00024065
87 0.0835296 0.0833276 0.000237895
88 0.0832181 0.0833263 0.000235195
89 0.0840421 0.0833344 0.00023269
90 0.0809989 0.0833084 0.000231547
91 0.0883783 0.0833642 0.00023561
92 0.0860531 0.0833934 0.000234855
93 0.0873277 0.0834357 0.000236109
94 0.0830677 0.0834318 0.000233629
95 0.0851065 0.0834494 0.000231834
96 0.082175 0.0834361 0.000229799
97 0.0860583 0.0834632 0.000229015
98 0.0848257 0.0834771 0.000227099
99 0.0830686 0.0834729 0.000224843
100 0.0829313 0.0834675 0.00022266
