g++ -c main.cpp -o main.o -Wall -O3 --std=c++11
In file included from popolazione.h:8,
                 from lib.h:8,
                 from popolazione.h:8,
                 from lib.h:8,
                 from popolazione.h:8,
                 from lib.h:8,
                 from popolazione.h:8,
                 from lib.h:8,
                 from popolazione.h:8,
                 from lib.h:8,
                 from popolazione.h:8,
                 from lib.h:8,
                 from popolazione.h:8,
                 from lib.h:8,
                 from popolazione.h:8,
                 from lib.h:8,
                 from popolazione.h:8,
                 from lib.h:8,
                 from popolazione.h:8,
                 from lib.h:8,
                 from popolazione.h:8,
                 from lib.h:8,
                 from popolazione.h:8,
                 from lib.h:8,
                 from popolazione.h:8,
                 from lib.h:8,
                 from popolazione.h:8,
                 from lib.h:8,
                 from popolazione.h:8,
                 from lib.h:8,
                 from popolazione.h:8,
                 from lib.h:8,
                 from popolazione.h:8,
                 from lib.h:8,
                 from popolazione.h:8,
                 from lib.h:8,
                 from popolazione.h:8,
                 from lib.h:8,
                 from popolazione.h:8,
                 from lib.h:8,
                 from popolazione.h:8,
                 from lib.h:8,
                 from popolazione.h:8,
                 from lib.h:8,
                 from popolazione.h:8,
                 from lib.h:8,
                 from popolazione.h:8,
                 from lib.h:8,
                 from popolazione.h:8,
                 from lib.h:8,
                 from popolazione.h:8,
                 from lib.h:8,
                 from popolazione.h:8,
                 from lib.h:8,
                 from popolazione.h:8,
                 from lib.h:8,
                 from popolazione.h:8,
                 from lib.h:8,
                 from popolazione.h:8,
                 from lib.h:8,
                 from popolazione.h:8,
                 from lib.h:8,
                 from popolazione.h:8,
                 from lib.h:8,
                 from popolazione.h:8,
                 from lib.h:8,
                 from popolazione.h:8,
                 from lib.h:8,
                 from popolazione.h:8,
                 from lib.h:8,
                 from popolazione.h:8,
                 from lib.h:8,
                 from popolazione.h:8,
                 from lib.h:8,
                 from popolazione.h:8,
                 from lib.h:8,
                 from popolazione.h:8,
                 from lib.h:8,
                 from popolazione.h:8,
                 from lib.h:8,
                 from popolazione.h:8,
                 from lib.h:8,
                 from popolazione.h:8,
                 from lib.h:8,
                 from popolazione.h:8,
                 from lib.h:8,
                 from popolazione.h:8,
                 from lib.h:8,
                 from popolazione.h:8,
                 from lib.h:8,
                 from popolazione.h:8,
                 from lib.h:8,
                 from popolazione.h:8,
                 from lib.h:8,
                 from popolazione.h:8,
                 from lib.h:8,
                 from popolazione.h:8,
                 from lib.h:8,
                 from popolazione.h:8,
                 from lib.h:8,
                 from popolazione.h:8,
                 from lib.h:8,
                 from popolazione.h:8,
                 from lib.h:8,
                 from popolazione.h:8,
                 from lib.h:8,
                 from popolazione.h:8,
                 from lib.h:8,
                 from popolazione.h:8,
                 from lib.h:8,
                 from popolazione.h:8,
                 from lib.h:8,
                 from popolazione.h:8,
                 from lib.h:8,
                 from popolazione.h:8,
                 from lib.h:8,
                 from popolazione.h:8,
                 from lib.h:8,
                 from popolazione.h:8,
                 from lib.h:8,
                 from popolazione.h:8,
                 from lib.h:8,
                 from popolazione.h:8,
                 from lib.h:8,
                 from popolazione.h:8,
                 from lib.h:8,
                 from popolazione.h:8,
                 from lib.h:8,
                 from popolazione.h:8,
                 from lib.h:8,
                 from popolazione.h:8,
                 from lib.h:8,
                 from popolazione.h:8,
                 from lib.h:8,
                 from popolazione.h:8,
                 from lib.h:8,
                 from popolazione.h:8,
                 from lib.h:8,
                 from popolazione.h:8,
                 from lib.h:8,
                 from popolazione.h:8,
                 from lib.h:8,
                 from popolazione.h:8,
                 from lib.h:8,
                 from popolazione.h:8,
                 from lib.h:8,
                 from popolazione.h:8,
                 from lib.h:8,
                 from popolazione.h:8,
                 from lib.h:8,
                 from popolazione.h:8,
                 from lib.h:8,
                 from popolazione.h:8,
                 from lib.h:8,
                 from popolazione.h:8,
                 from lib.h:8,
                 from popolazione.h:8,
                 from lib.h:8,
                 from popolazione.h:8,
                 from lib.h:8,
                 from popolazione.h:8,
                 from lib.h:8,
                 from popolazione.h:8,
                 from lib.h:8,
                 from popolazione.h:8,
                 from lib.h:8,
                 from popolazione.h:8,
                 from lib.h:8,
                 from popolazione.h:8,
                 from lib.h:8,
                 from popolazione.h:8,
                 from lib.h:8,
                 from popolazione.h:8,
                 from lib.h:8,
                 from popolazione.h:8,
                 from lib.h:8,
                 from popolazione.h:8,
                 from lib.h:8,
                 from popolazione.h:8,
                 from lib.h:8,
                 from popolazione.h:8,
                 from lib.h:8,
                 from popolazione.h:8,
                 from lib.h:8,
                 from popolazione.h:8,
                 from lib.h:8,
                 from popolazione.h:8,
                 from lib.h:8,
                 from popolazione.h:8,
                 from lib.h:8,
                 from popolazione.h:8,
                 from lib.h:8,
                 from popolazione.h:8,
                 from lib.h:8,
                 from popolazione.h:8,
                 from lib.h:8,
                 from popolazione.h:8,
                 from lib.h:8,
                 from main.cpp:2:
lib.h:1:20: error: #include nested depth 200 exceeds maximum of 200 (use -fmax-include-depth=DEPTH to increase the maximum)
    1 | #include <iostream>
      |                    ^
lib.h:2:19: error: #include nested depth 200 exceeds maximum of 200 (use -fmax-include-depth=DEPTH to increase the maximum)
    2 | #include <iomanip>
      |                   ^
lib.h:3:19: error: #include nested depth 200 exceeds maximum of 200 (use -fmax-include-depth=DEPTH to increase the maximum)
    3 | #include <fstream>
      |                   ^
lib.h:4:18: error: #include nested depth 200 exceeds maximum of 200 (use -fmax-include-depth=DEPTH to increase the maximum)
    4 | #include <string>
      |                  ^
lib.h:5:21: error: #include nested depth 200 exceeds maximum of 200 (use -fmax-include-depth=DEPTH to increase the maximum)
    5 | #include <armadillo>
      |                     ^
lib.h:6:27: error: #include nested depth 200 exceeds maximum of 200 (use -fmax-include-depth=DEPTH to increase the maximum)
    6 | #include <stdlib.h> //exit
      |                           ^
lib.h:7:20: error: #include nested depth 200 exceeds maximum of 200 (use -fmax-include-depth=DEPTH to increase the maximum)
    7 | #include "random.h"
      |                    ^
lib.h:8:25: error: #include nested depth 200 exceeds maximum of 200 (use -fmax-include-depth=DEPTH to increase the maximum)
    8 | #include "popolazione.h"
      |                         ^
In file included from lib.h:8,
                 from popolazione.h:8,
                 from lib.h:8,
                 from popolazione.h:8,
                 from lib.h:8,
                 from popolazione.h:8,
                 from lib.h:8,
                 from popolazione.h:8,
                 from lib.h:8,
                 from popolazione.h:8,
                 from lib.h:8,
                 from popolazione.h:8,
                 from lib.h:8,
                 from popolazione.h:8,
                 from lib.h:8,
                 from popolazione.h:8,
                 from lib.h:8,
                 from popolazione.h:8,
                 from lib.h:8,
                 from popolazione.h:8,
                 from lib.h:8,
                 from popolazione.h:8,
                 from lib.h:8,
                 from popolazione.h:8,
                 from lib.h:8,
                 from popolazione.h:8,
                 from lib.h:8,
                 from popolazione.h:8,
                 from lib.h:8,
                 from popolazione.h:8,
                 from lib.h:8,
                 from popolazione.h:8,
                 from lib.h:8,
                 from popolazione.h:8,
                 from lib.h:8,
                 from popolazione.h:8,
                 from lib.h:8,
                 from popolazione.h:8,
                 from lib.h:8,
                 from popolazione.h:8,
                 from lib.h:8,
                 from popolazione.h:8,
                 from lib.h:8,
                 from popolazione.h:8,
                 from lib.h:8,
                 from popolazione.h:8,
                 from lib.h:8,
                 from popolazione.h:8,
                 from lib.h:8,
                 from popolazione.h:8,
                 from lib.h:8,
                 from popolazione.h:8,
                 from lib.h:8,
                 from popolazione.h:8,
                 from lib.h:8,
                 from popolazione.h:8,
                 from lib.h:8,
                 from popolazione.h:8,
                 from lib.h:8,
                 from popolazione.h:8,
                 from lib.h:8,
                 from popolazione.h:8,
                 from lib.h:8,
                 from popolazione.h:8,
                 from lib.h:8,
                 from popolazione.h:8,
                 from lib.h:8,
                 from popolazione.h:8,
                 from lib.h:8,
                 from popolazione.h:8,
                 from lib.h:8,
                 from popolazione.h:8,
                 from lib.h:8,
                 from popolazione.h:8,
                 from lib.h:8,
                 from popolazione.h:8,
                 from lib.h:8,
                 from popolazione.h:8,
                 from lib.h:8,
                 from popolazione.h:8,
                 from lib.h:8,
                 from popolazione.h:8,
                 from lib.h:8,
                 from popolazione.h:8,
                 from lib.h:8,
                 from popolazione.h:8,
                 from lib.h:8,
                 from popolazione.h:8,
                 from lib.h:8,
                 from popolazione.h:8,
                 from lib.h:8,
                 from popolazione.h:8,
                 from lib.h:8,
                 from popolazione.h:8,
                 from lib.h:8,
                 from popolazione.h:8,
                 from lib.h:8,
                 from popolazione.h:8,
                 from lib.h:8,
                 from popolazione.h:8,
                 from lib.h:8,
                 from popolazione.h:8,
                 from lib.h:8,
                 from popolazione.h:8,
                 from lib.h:8,
                 from popolazione.h:8,
                 from lib.h:8,
                 from popolazione.h:8,
                 from lib.h:8,
                 from popolazione.h:8,
                 from lib.h:8,
                 from popolazione.h:8,
                 from lib.h:8,
                 from popolazione.h:8,
                 from lib.h:8,
                 from popolazione.h:8,
                 from lib.h:8,
                 from popolazione.h:8,
                 from lib.h:8,
                 from popolazione.h:8,
                 from lib.h:8,
                 from popolazione.h:8,
                 from lib.h:8,
                 from popolazione.h:8,
                 from lib.h:8,
                 from popolazione.h:8,
                 from lib.h:8,
                 from popolazione.h:8,
                 from lib.h:8,
                 from popolazione.h:8,
                 from lib.h:8,
                 from popolazione.h:8,
                 from lib.h:8,
                 from popolazione.h:8,
                 from lib.h:8,
                 from popolazione.h:8,
                 from lib.h:8,
                 from popolazione.h:8,
                 from lib.h:8,
                 from popolazione.h:8,
                 from lib.h:8,
                 from popolazione.h:8,
                 from lib.h:8,
                 from popolazione.h:8,
                 from lib.h:8,
                 from popolazione.h:8,
                 from lib.h:8,
                 from popolazione.h:8,
                 from lib.h:8,
                 from popolazione.h:8,
                 from lib.h:8,
                 from popolazione.h:8,
                 from lib.h:8,
                 from popolazione.h:8,
                 from lib.h:8,
                 from popolazione.h:8,
                 from lib.h:8,
                 from popolazione.h:8,
                 from lib.h:8,
                 from popolazione.h:8,
                 from lib.h:8,
                 from popolazione.h:8,
                 from lib.h:8,
                 from popolazione.h:8,
                 from lib.h:8,
                 from popolazione.h:8,
                 from lib.h:8,
                 from popolazione.h:8,
                 from lib.h:8,
                 from popolazione.h:8,
                 from lib.h:8,
                 from popolazione.h:8,
                 from lib.h:8,
                 from popolazione.h:8,
                 from lib.h:8,
                 from popolazione.h:8,
                 from lib.h:8,
                 from popolazione.h:8,
                 from lib.h:8,
                 from popolazione.h:8,
                 from lib.h:8,
                 from popolazione.h:8,
                 from lib.h:8,
                 from popolazione.h:8,
                 from lib.h:8,
                 from popolazione.h:8,
                 from lib.h:8,
                 from popolazione.h:8,
                 from lib.h:8,
                 from popolazione.h:8,
                 from lib.h:8,
                 from popolazione.h:8,
                 from lib.h:8,
                 from popolazione.h:8,
                 from lib.h:8,
                 from popolazione.h:8,
                 from lib.h:8,
                 from popolazione.h:8,
                 from main.cpp:4:
popolazione.h:1:20: error: #include nested depth 200 exceeds maximum of 200 (use -fmax-include-depth=DEPTH to increase the maximum)
    1 | #include <iostream>
      |                    ^
popolazione.h:2:19: error: #include nested depth 200 exceeds maximum of 200 (use -fmax-include-depth=DEPTH to increase the maximum)
    2 | #include <iomanip>
      |                   ^
popolazione.h:3:19: error: #include nested depth 200 exceeds maximum of 200 (use -fmax-include-depth=DEPTH to increase the maximum)
    3 | #include <fstream>
      |                   ^
popolazione.h:4:18: error: #include nested depth 200 exceeds maximum of 200 (use -fmax-include-depth=DEPTH to increase the maximum)
    4 | #include <string>
      |                  ^
popolazione.h:5:21: error: #include nested depth 200 exceeds maximum of 200 (use -fmax-include-depth=DEPTH to increase the maximum)
    5 | #include <armadillo>
      |                     ^
popolazione.h:6:27: error: #include nested depth 200 exceeds maximum of 200 (use -fmax-include-depth=DEPTH to increase the maximum)
    6 | #include <stdlib.h> //exit
      |                           ^
popolazione.h:7:20: error: #include nested depth 200 exceeds maximum of 200 (use -fmax-include-depth=DEPTH to increase the maximum)
    7 | #include "random.h"
      |                    ^
popolazione.h:8:17: error: #include nested depth 200 exceeds maximum of 200 (use -fmax-include-depth=DEPTH to increase the maximum)
    8 | #include "lib.h"
      |                 ^
popolazione.h:14:7: error: redefinition of ‘class Popolazione’
   14 | class Popolazione {
      |       ^~~~~~~~~~~
popolazione.h:14:7: note: previous definition of ‘class Popolazione’
   14 | class Popolazione {
      |       ^~~~~~~~~~~
popolazione.h:14:7: error: redefinition of ‘class Popolazione’
   14 | class Popolazione {
      |       ^~~~~~~~~~~
popolazione.h:14:7: note: previous definition of ‘class Popolazione’
   14 | class Popolazione {
      |       ^~~~~~~~~~~
popolazione.h:14:7: error: redefinition of ‘class Popolazione’
   14 | class Popolazione {
      |       ^~~~~~~~~~~
popolazione.h:14:7: note: previous definition of ‘class Popolazione’
   14 | class Popolazione {
      |       ^~~~~~~~~~~
popolazione.h:14:7: error: redefinition of ‘class Popolazione’
   14 | class Popolazione {
      |       ^~~~~~~~~~~
popolazione.h:14:7: note: previous definition of ‘class Popolazione’
   14 | class Popolazione {
      |       ^~~~~~~~~~~
popolazione.h:14:7: error: redefinition of ‘class Popolazione’
   14 | class Popolazione {
      |       ^~~~~~~~~~~
popolazione.h:14:7: note: previous definition of ‘class Popolazione’
   14 | class Popolazione {
      |       ^~~~~~~~~~~
popolazione.h:14:7: error: redefinition of ‘class Popolazione’
   14 | class Popolazione {
      |       ^~~~~~~~~~~
popolazione.h:14:7: note: previous definition of ‘class Popolazione’
   14 | class Popolazione {
      |       ^~~~~~~~~~~
popolazione.h:14:7: error: redefinition of ‘class Popolazione’
   14 | class Popolazione {
      |       ^~~~~~~~~~~
popolazione.h:14:7: note: previous definition of ‘class Popolazione’
   14 | class Popolazione {
      |       ^~~~~~~~~~~
popolazione.h:14:7: error: redefinition of ‘class Popolazione’
   14 | class Popolazione {
      |       ^~~~~~~~~~~
popolazione.h:14:7: note: previous definition of ‘class Popolazione’
   14 | class Popolazione {
      |       ^~~~~~~~~~~
popolazione.h:14:7: error: redefinition of ‘class Popolazione’
   14 | class Popolazione {
      |       ^~~~~~~~~~~
popolazione.h:14:7: note: previous definition of ‘class Popolazione’
   14 | class Popolazione {
      |       ^~~~~~~~~~~
popolazione.h:14:7: error: redefinition of ‘class Popolazione’
   14 | class Popolazione {
      |       ^~~~~~~~~~~
popolazione.h:14:7: note: previous definition of ‘class Popolazione’
   14 | class Popolazione {
      |       ^~~~~~~~~~~
popolazione.h:14:7: error: redefinition of ‘class Popolazione’
   14 | class Popolazione {
      |       ^~~~~~~~~~~
popolazione.h:14:7: note: previous definition of ‘class Popolazione’
   14 | class Popolazione {
      |       ^~~~~~~~~~~
popolazione.h:14:7: error: redefinition of ‘class Popolazione’
   14 | class Popolazione {
      |       ^~~~~~~~~~~
popolazione.h:14:7: note: previous definition of ‘class Popolazione’
   14 | class Popolazione {
      |       ^~~~~~~~~~~
popolazione.h:14:7: error: redefinition of ‘class Popolazione’
   14 | class Popolazione {
      |       ^~~~~~~~~~~
popolazione.h:14:7: note: previous definition of ‘class Popolazione’
   14 | class Popolazione {
      |       ^~~~~~~~~~~
popolazione.h:14:7: error: redefinition of ‘class Popolazione’
   14 | class Popolazione {
      |       ^~~~~~~~~~~
popolazione.h:14:7: note: previous definition of ‘class Popolazione’
   14 | class Popolazione {
      |       ^~~~~~~~~~~
popolazione.h:14:7: error: redefinition of ‘class Popolazione’
   14 | class Popolazione {
      |       ^~~~~~~~~~~
popolazione.h:14:7: note: previous definition of ‘class Popolazione’
   14 | class Popolazione {
      |       ^~~~~~~~~~~
popolazione.h:14:7: error: redefinition of ‘class Popolazione’
   14 | class Popolazione {
      |       ^~~~~~~~~~~
popolazione.h:14:7: note: previous definition of ‘class Popolazione’
   14 | class Popolazione {
      |       ^~~~~~~~~~~
popolazione.h:14:7: error: redefinition of ‘class Popolazione’
   14 | class Popolazione {
      |       ^~~~~~~~~~~
popolazione.h:14:7: note: previous definition of ‘class Popolazione’
   14 | class Popolazione {
      |       ^~~~~~~~~~~
popolazione.h:14:7: error: redefinition of ‘class Popolazione’
   14 | class Popolazione {
      |       ^~~~~~~~~~~
popolazione.h:14:7: note: previous definition of ‘class Popolazione’
   14 | class Popolazione {
      |       ^~~~~~~~~~~
popolazione.h:14:7: error: redefinition of ‘class Popolazione’
   14 | class Popolazione {
      |       ^~~~~~~~~~~
popolazione.h:14:7: note: previous definition of ‘class Popolazione’
   14 | class Popolazione {
      |       ^~~~~~~~~~~
popolazione.h:14:7: error: redefinition of ‘class Popolazione’
   14 | class Popolazione {
      |       ^~~~~~~~~~~
popolazione.h:14:7: note: previous definition of ‘class Popolazione’
   14 | class Popolazione {
      |       ^~~~~~~~~~~
popolazione.h:14:7: error: redefinition of ‘class Popolazione’
   14 | class Popolazione {
      |       ^~~~~~~~~~~
popolazione.h:14:7: note: previous definition of ‘class Popolazione’
   14 | class Popolazione {
      |       ^~~~~~~~~~~
popolazione.h:14:7: error: redefinition of ‘class Popolazione’
   14 | class Popolazione {
      |       ^~~~~~~~~~~
popolazione.h:14:7: note: previous definition of ‘class Popolazione’
   14 | class Popolazione {
      |       ^~~~~~~~~~~
popolazione.h:14:7: error: redefinition of ‘class Popolazione’
   14 | class Popolazione {
      |       ^~~~~~~~~~~
popolazione.h:14:7: note: previous definition of ‘class Popolazione’
   14 | class Popolazione {
      |       ^~~~~~~~~~~
popolazione.h:14:7: error: redefinition of ‘class Popolazione’
   14 | class Popolazione {
      |       ^~~~~~~~~~~
popolazione.h:14:7: note: previous definition of ‘class Popolazione’
   14 | class Popolazione {
      |       ^~~~~~~~~~~
popolazione.h:14:7: error: redefinition of ‘class Popolazione’
   14 | class Popolazione {
      |       ^~~~~~~~~~~
popolazione.h:14:7: note: previous definition of ‘class Popolazione’
   14 | class Popolazione {
      |       ^~~~~~~~~~~
popolazione.h:14:7: error: redefinition of ‘class Popolazione’
   14 | class Popolazione {
      |       ^~~~~~~~~~~
popolazione.h:14:7: note: previous definition of ‘class Popolazione’
   14 | class Popolazione {
      |       ^~~~~~~~~~~
popolazione.h:14:7: error: redefinition of ‘class Popolazione’
   14 | class Popolazione {
      |       ^~~~~~~~~~~
popolazione.h:14:7: note: previous definition of ‘class Popolazione’
   14 | class Popolazione {
      |       ^~~~~~~~~~~
popolazione.h:14:7: error: redefinition of ‘class Popolazione’
   14 | class Popolazione {
      |       ^~~~~~~~~~~
popolazione.h:14:7: note: previous definition of ‘class Popolazione’
   14 | class Popolazione {
      |       ^~~~~~~~~~~
popolazione.h:14:7: error: redefinition of ‘class Popolazione’
   14 | class Popolazione {
      |       ^~~~~~~~~~~
popolazione.h:14:7: note: previous definition of ‘class Popolazione’
   14 | class Popolazione {
      |       ^~~~~~~~~~~
popolazione.h:14:7: error: redefinition of ‘class Popolazione’
   14 | class Popolazione {
      |       ^~~~~~~~~~~
popolazione.h:14:7: note: previous definition of ‘class Popolazione’
   14 | class Popolazione {
      |       ^~~~~~~~~~~
popolazione.h:14:7: error: redefinition of ‘class Popolazione’
   14 | class Popolazione {
      |       ^~~~~~~~~~~
popolazione.h:14:7: note: previous definition of ‘class Popolazione’
   14 | class Popolazione {
      |       ^~~~~~~~~~~
popolazione.h:14:7: error: redefinition of ‘class Popolazione’
   14 | class Popolazione {
      |       ^~~~~~~~~~~
popolazione.h:14:7: note: previous definition of ‘class Popolazione’
   14 | class Popolazione {
      |       ^~~~~~~~~~~
popolazione.h:14:7: error: redefinition of ‘class Popolazione’
   14 | class Popolazione {
      |       ^~~~~~~~~~~
popolazione.h:14:7: note: previous definition of ‘class Popolazione’
   14 | class Popolazione {
      |       ^~~~~~~~~~~
popolazione.h:14:7: error: redefinition of ‘class Popolazione’
   14 | class Popolazione {
      |       ^~~~~~~~~~~
popolazione.h:14:7: note: previous definition of ‘class Popolazione’
   14 | class Popolazione {
      |       ^~~~~~~~~~~
popolazione.h:14:7: error: redefinition of ‘class Popolazione’
   14 | class Popolazione {
      |       ^~~~~~~~~~~
popolazione.h:14:7: note: previous definition of ‘class Popolazione’
   14 | class Popolazione {
      |       ^~~~~~~~~~~
popolazione.h:14:7: error: redefinition of ‘class Popolazione’
   14 | class Popolazione {
      |       ^~~~~~~~~~~
popolazione.h:14:7: note: previous definition of ‘class Popolazione’
   14 | class Popolazione {
      |       ^~~~~~~~~~~
popolazione.h:14:7: error: redefinition of ‘class Popolazione’
   14 | class Popolazione {
      |       ^~~~~~~~~~~
popolazione.h:14:7: note: previous definition of ‘class Popolazione’
   14 | class Popolazione {
      |       ^~~~~~~~~~~
popolazione.h:14:7: error: redefinition of ‘class Popolazione’
   14 | class Popolazione {
      |       ^~~~~~~~~~~
popolazione.h:14:7: note: previous definition of ‘class Popolazione’
   14 | class Popolazione {
      |       ^~~~~~~~~~~
popolazione.h:14:7: error: redefinition of ‘class Popolazione’
   14 | class Popolazione {
      |       ^~~~~~~~~~~
popolazione.h:14:7: note: previous definition of ‘class Popolazione’
   14 | class Popolazione {
      |       ^~~~~~~~~~~
popolazione.h:14:7: error: redefinition of ‘class Popolazione’
   14 | class Popolazione {
      |       ^~~~~~~~~~~
popolazione.h:14:7: note: previous definition of ‘class Popolazione’
   14 | class Popolazione {
      |       ^~~~~~~~~~~
popolazione.h:14:7: error: redefinition of ‘class Popolazione’
   14 | class Popolazione {
      |       ^~~~~~~~~~~
popolazione.h:14:7: note: previous definition of ‘class Popolazione’
   14 | class Popolazione {
      |       ^~~~~~~~~~~
popolazione.h:14:7: error: redefinition of ‘class Popolazione’
   14 | class Popolazione {
      |       ^~~~~~~~~~~
popolazione.h:14:7: note: previous definition of ‘class Popolazione’
   14 | class Popolazione {
      |       ^~~~~~~~~~~
popolazione.h:14:7: error: redefinition of ‘class Popolazione’
   14 | class Popolazione {
      |       ^~~~~~~~~~~
popolazione.h:14:7: note: previous definition of ‘class Popolazione’
   14 | class Popolazione {
      |       ^~~~~~~~~~~
popolazione.h:14:7: error: redefinition of ‘class Popolazione’
   14 | class Popolazione {
      |       ^~~~~~~~~~~
popolazione.h:14:7: note: previous definition of ‘class Popolazione’
   14 | class Popolazione {
      |       ^~~~~~~~~~~
popolazione.h:14:7: error: redefinition of ‘class Popolazione’
   14 | class Popolazione {
      |       ^~~~~~~~~~~
popolazione.h:14:7: note: previous definition of ‘class Popolazione’
   14 | class Popolazione {
      |       ^~~~~~~~~~~
popolazione.h:14:7: error: redefinition of ‘class Popolazione’
   14 | class Popolazione {
      |       ^~~~~~~~~~~
popolazione.h:14:7: note: previous definition of ‘class Popolazione’
   14 | class Popolazione {
      |       ^~~~~~~~~~~
popolazione.h:14:7: error: redefinition of ‘class Popolazione’
   14 | class Popolazione {
      |       ^~~~~~~~~~~
popolazione.h:14:7: note: previous definition of ‘class Popolazione’
   14 | class Popolazione {
      |       ^~~~~~~~~~~
popolazione.h:14:7: error: redefinition of ‘class Popolazione’
   14 | class Popolazione {
      |       ^~~~~~~~~~~
popolazione.h:14:7: note: previous definition of ‘class Popolazione’
   14 | class Popolazione {
      |       ^~~~~~~~~~~
popolazione.h:14:7: error: redefinition of ‘class Popolazione’
   14 | class Popolazione {
      |       ^~~~~~~~~~~
popolazione.h:14:7: note: previous definition of ‘class Popolazione’
   14 | class Popolazione {
      |       ^~~~~~~~~~~
popolazione.h:14:7: error: redefinition of ‘class Popolazione’
   14 | class Popolazione {
      |       ^~~~~~~~~~~
popolazione.h:14:7: note: previous definition of ‘class Popolazione’
   14 | class Popolazione {
      |       ^~~~~~~~~~~
popolazione.h:14:7: error: redefinition of ‘class Popolazione’
   14 | class Popolazione {
      |       ^~~~~~~~~~~
popolazione.h:14:7: note: previous definition of ‘class Popolazione’
   14 | class Popolazione {
      |       ^~~~~~~~~~~
popolazione.h:14:7: error: redefinition of ‘class Popolazione’
   14 | class Popolazione {
      |       ^~~~~~~~~~~
popolazione.h:14:7: note: previous definition of ‘class Popolazione’
   14 | class Popolazione {
      |       ^~~~~~~~~~~
popolazione.h:14:7: error: redefinition of ‘class Popolazione’
   14 | class Popolazione {
      |       ^~~~~~~~~~~
popolazione.h:14:7: note: previous definition of ‘class Popolazione’
   14 | class Popolazione {
      |       ^~~~~~~~~~~
popolazione.h:14:7: error: redefinition of ‘class Popolazione’
   14 | class Popolazione {
      |       ^~~~~~~~~~~
popolazione.h:14:7: note: previous definition of ‘class Popolazione’
   14 | class Popolazione {
      |       ^~~~~~~~~~~
popolazione.h:14:7: error: redefinition of ‘class Popolazione’
   14 | class Popolazione {
      |       ^~~~~~~~~~~
popolazione.h:14:7: note: previous definition of ‘class Popolazione’
   14 | class Popolazione {
      |       ^~~~~~~~~~~
popolazione.h:14:7: error: redefinition of ‘class Popolazione’
   14 | class Popolazione {
      |       ^~~~~~~~~~~
popolazione.h:14:7: note: previous definition of ‘class Popolazione’
   14 | class Popolazione {
      |       ^~~~~~~~~~~
popolazione.h:14:7: error: redefinition of ‘class Popolazione’
   14 | class Popolazione {
      |       ^~~~~~~~~~~
popolazione.h:14:7: note: previous definition of ‘class Popolazione’
   14 | class Popolazione {
      |       ^~~~~~~~~~~
popolazione.h:14:7: error: redefinition of ‘class Popolazione’
   14 | class Popolazione {
      |       ^~~~~~~~~~~
popolazione.h:14:7: note: previous definition of ‘class Popolazione’
   14 | class Popolazione {
      |       ^~~~~~~~~~~
popolazione.h:14:7: error: redefinition of ‘class Popolazione’
   14 | class Popolazione {
      |       ^~~~~~~~~~~
popolazione.h:14:7: note: previous definition of ‘class Popolazione’
   14 | class Popolazione {
      |       ^~~~~~~~~~~
popolazione.h:14:7: error: redefinition of ‘class Popolazione’
   14 | class Popolazione {
      |       ^~~~~~~~~~~
popolazione.h:14:7: note: previous definition of ‘class Popolazione’
   14 | class Popolazione {
      |       ^~~~~~~~~~~
popolazione.h:14:7: error: redefinition of ‘class Popolazione’
   14 | class Popolazione {
      |       ^~~~~~~~~~~
popolazione.h:14:7: note: previous definition of ‘class Popolazione’
   14 | class Popolazione {
      |       ^~~~~~~~~~~
popolazione.h:14:7: error: redefinition of ‘class Popolazione’
   14 | class Popolazione {
      |       ^~~~~~~~~~~
popolazione.h:14:7: note: previous definition of ‘class Popolazione’
   14 | class Popolazione {
      |       ^~~~~~~~~~~
popolazione.h:14:7: error: redefinition of ‘class Popolazione’
   14 | class Popolazione {
      |       ^~~~~~~~~~~
popolazione.h:14:7: note: previous definition of ‘class Popolazione’
   14 | class Popolazione {
      |       ^~~~~~~~~~~
popolazione.h:14:7: error: redefinition of ‘class Popolazione’
   14 | class Popolazione {
      |       ^~~~~~~~~~~
popolazione.h:14:7: note: previous definition of ‘class Popolazione’
   14 | class Popolazione {
      |       ^~~~~~~~~~~
popolazione.h:14:7: error: redefinition of ‘class Popolazione’
   14 | class Popolazione {
      |       ^~~~~~~~~~~
popolazione.h:14:7: note: previous definition of ‘class Popolazione’
   14 | class Popolazione {
      |       ^~~~~~~~~~~
popolazione.h:14:7: error: redefinition of ‘class Popolazione’
   14 | class Popolazione {
      |       ^~~~~~~~~~~
popolazione.h:14:7: note: previous definition of ‘class Popolazione’
   14 | class Popolazione {
      |       ^~~~~~~~~~~
popolazione.h:14:7: error: redefinition of ‘class Popolazione’
   14 | class Popolazione {
      |       ^~~~~~~~~~~
popolazione.h:14:7: note: previous definition of ‘class Popolazione’
   14 | class Popolazione {
      |       ^~~~~~~~~~~
popolazione.h:14:7: error: redefinition of ‘class Popolazione’
   14 | class Popolazione {
      |       ^~~~~~~~~~~
popolazione.h:14:7: note: previous definition of ‘class Popolazione’
   14 | class Popolazione {
      |       ^~~~~~~~~~~
popolazione.h:14:7: error: redefinition of ‘class Popolazione’
   14 | class Popolazione {
      |       ^~~~~~~~~~~
popolazione.h:14:7: note: previous definition of ‘class Popolazione’
   14 | class Popolazione {
      |       ^~~~~~~~~~~
popolazione.h:14:7: error: redefinition of ‘class Popolazione’
   14 | class Popolazione {
      |       ^~~~~~~~~~~
popolazione.h:14:7: note: previous definition of ‘class Popolazione’
   14 | class Popolazione {
      |       ^~~~~~~~~~~
popolazione.h:14:7: error: redefinition of ‘class Popolazione’
   14 | class Popolazione {
      |       ^~~~~~~~~~~
popolazione.h:14:7: note: previous definition of ‘class Popolazione’
   14 | class Popolazione {
      |       ^~~~~~~~~~~
popolazione.h:14:7: error: redefinition of ‘class Popolazione’
   14 | class Popolazione {
      |       ^~~~~~~~~~~
popolazione.h:14:7: note: previous definition of ‘class Popolazione’
   14 | class Popolazione {
      |       ^~~~~~~~~~~
popolazione.h:14:7: error: redefinition of ‘class Popolazione’
   14 | class Popolazione {
      |       ^~~~~~~~~~~
popolazione.h:14:7: note: previous definition of ‘class Popolazione’
   14 | class Popolazione {
      |       ^~~~~~~~~~~
popolazione.h:14:7: error: redefinition of ‘class Popolazione’
   14 | class Popolazione {
      |       ^~~~~~~~~~~
popolazione.h:14:7: note: previous definition of ‘class Popolazione’
   14 | class Popolazione {
      |       ^~~~~~~~~~~
popolazione.h:14:7: error: redefinition of ‘class Popolazione’
   14 | class Popolazione {
      |       ^~~~~~~~~~~
popolazione.h:14:7: note: previous definition of ‘class Popolazione’
   14 | class Popolazione {
      |       ^~~~~~~~~~~
popolazione.h:14:7: error: redefinition of ‘class Popolazione’
   14 | class Popolazione {
      |       ^~~~~~~~~~~
popolazione.h:14:7: note: previous definition of ‘class Popolazione’
   14 | class Popolazione {
      |       ^~~~~~~~~~~
popolazione.h:14:7: error: redefinition of ‘class Popolazione’
   14 | class Popolazione {
      |       ^~~~~~~~~~~
popolazione.h:14:7: note: previous definition of ‘class Popolazione’
   14 | class Popolazione {
      |       ^~~~~~~~~~~
popolazione.h:14:7: error: redefinition of ‘class Popolazione’
   14 | class Popolazione {
      |       ^~~~~~~~~~~
popolazione.h:14:7: note: previous definition of ‘class Popolazione’
   14 | class Popolazione {
      |       ^~~~~~~~~~~
popolazione.h:14:7: error: redefinition of ‘class Popolazione’
   14 | class Popolazione {
      |       ^~~~~~~~~~~
popolazione.h:14:7: note: previous definition of ‘class Popolazione’
   14 | class Popolazione {
      |       ^~~~~~~~~~~
popolazione.h:14:7: error: redefinition of ‘class Popolazione’
   14 | class Popolazione {
      |       ^~~~~~~~~~~
popolazione.h:14:7: note: previous definition of ‘class Popolazione’
   14 | class Popolazione {
      |       ^~~~~~~~~~~
popolazione.h:14:7: error: redefinition of ‘class Popolazione’
   14 | class Popolazione {
      |       ^~~~~~~~~~~
popolazione.h:14:7: note: previous definition of ‘class Popolazione’
   14 | class Popolazione {
      |       ^~~~~~~~~~~
popolazione.h:14:7: error: redefinition of ‘class Popolazione’
   14 | class Popolazione {
      |       ^~~~~~~~~~~
popolazione.h:14:7: note: previous definition of ‘class Popolazione’
   14 | class Popolazione {
      |       ^~~~~~~~~~~
popolazione.h:14:7: error: redefinition of ‘class Popolazione’
   14 | class Popolazione {
      |       ^~~~~~~~~~~
popolazione.h:14:7: note: previous definition of ‘class Popolazione’
   14 | class Popolazione {
      |       ^~~~~~~~~~~
popolazione.h:14:7: error: redefinition of ‘class Popolazione’
   14 | class Popolazione {
      |       ^~~~~~~~~~~
popolazione.h:14:7: note: previous definition of ‘class Popolazione’
   14 | class Popolazione {
      |       ^~~~~~~~~~~
popolazione.h:14:7: error: redefinition of ‘class Popolazione’
   14 | class Popolazione {
      |       ^~~~~~~~~~~
popolazione.h:14:7: note: previous definition of ‘class Popolazione’
   14 | class Popolazione {
      |       ^~~~~~~~~~~
popolazione.h:14:7: error: redefinition of ‘class Popolazione’
   14 | class Popolazione {
      |       ^~~~~~~~~~~
popolazione.h:14:7: note: previous definition of ‘class Popolazione’
   14 | class Popolazione {
      |       ^~~~~~~~~~~
popolazione.h:14:7: error: redefinition of ‘class Popolazione’
   14 | class Popolazione {
      |       ^~~~~~~~~~~
popolazione.h:14:7: note: previous definition of ‘class Popolazione’
   14 | class Popolazione {
      |       ^~~~~~~~~~~
popolazione.h:14:7: error: redefinition of ‘class Popolazione’
   14 | class Popolazione {
      |       ^~~~~~~~~~~
popolazione.h:14:7: note: previous definition of ‘class Popolazione’
   14 | class Popolazione {
      |       ^~~~~~~~~~~
popolazione.h:14:7: error: redefinition of ‘class Popolazione’
   14 | class Popolazione {
      |       ^~~~~~~~~~~
popolazione.h:14:7: note: previous definition of ‘class Popolazione’
   14 | class Popolazione {
      |       ^~~~~~~~~~~
popolazione.h:14:7: error: redefinition of ‘class Popolazione’
   14 | class Popolazione {
      |       ^~~~~~~~~~~
popolazione.h:14:7: note: previous definition of ‘class Popolazione’
   14 | class Popolazione {
      |       ^~~~~~~~~~~
popolazione.h:14:7: error: redefinition of ‘class Popolazione’
   14 | class Popolazione {
      |       ^~~~~~~~~~~
popolazione.h:14:7: note: previous definition of ‘class Popolazione’
   14 | class Popolazione {
      |       ^~~~~~~~~~~
popolazione.h:14:7: error: redefinition of ‘class Popolazione’
   14 | class Popolazione {
      |       ^~~~~~~~~~~
popolazione.h:14:7: note: previous definition of ‘class Popolazione’
   14 | class Popolazione {
      |       ^~~~~~~~~~~
popolazione.h:14:7: error: redefinition of ‘class Popolazione’
   14 | class Popolazione {
      |       ^~~~~~~~~~~
popolazione.h:14:7: note: previous definition of ‘class Popolazione’
   14 | class Popolazione {
      |       ^~~~~~~~~~~
popolazione.h:14:7: error: redefinition of ‘class Popolazione’
   14 | class Popolazione {
      |       ^~~~~~~~~~~
popolazione.h:14:7: note: previous definition of ‘class Popolazione’
   14 | class Popolazione {
      |       ^~~~~~~~~~~
popolazione.h:14:7: error: redefinition of ‘class Popolazione’
   14 | class Popolazione {
      |       ^~~~~~~~~~~
popolazione.h:14:7: note: previous definition of ‘class Popolazione’
   14 | class Popolazione {
      |       ^~~~~~~~~~~
popolazione.h:14:7: error: redefinition of ‘class Popolazione’
   14 | class Popolazione {
      |       ^~~~~~~~~~~
popolazione.h:14:7: note: previous definition of ‘class Popolazione’
   14 | class Popolazione {
      |       ^~~~~~~~~~~
popolazione.h:14:7: error: redefinition of ‘class Popolazione’
   14 | class Popolazione {
      |       ^~~~~~~~~~~
popolazione.h:14:7: note: previous definition of ‘class Popolazione’
   14 | class Popolazione {
      |       ^~~~~~~~~~~
popolazione.h:14:7: error: redefinition of ‘class Popolazione’
   14 | class Popolazione {
      |       ^~~~~~~~~~~
popolazione.h:14:7: note: previous definition of ‘class Popolazione’
   14 | class Popolazione {
      |       ^~~~~~~~~~~
popolazione.h:14:7: error: redefinition of ‘class Popolazione’
   14 | class Popolazione {
      |       ^~~~~~~~~~~
popolazione.h:14:7: note: previous definition of ‘class Popolazione’
   14 | class Popolazione {
      |       ^~~~~~~~~~~
popolazione.h:14:7: error: redefinition of ‘class Popolazione’
   14 | class Popolazione {
      |       ^~~~~~~~~~~
popolazione.h:14:7: note: previous definition of ‘class Popolazione’
   14 | class Popolazione {
      |       ^~~~~~~~~~~
popolazione.h:14:7: error: redefinition of ‘class Popolazione’
   14 | class Popolazione {
      |       ^~~~~~~~~~~
popolazione.h:14:7: note: previous definition of ‘class Popolazione’
   14 | class Popolazione {
      |       ^~~~~~~~~~~
popolazione.h:14:7: error: redefinition of ‘class Popolazione’
   14 | class Popolazione {
      |       ^~~~~~~~~~~
popolazione.h:14:7: note: previous definition of ‘class Popolazione’
   14 | class Popolazione {
      |       ^~~~~~~~~~~
popolazione.h:14:7: error: redefinition of ‘class Popolazione’
   14 | class Popolazione {
      |       ^~~~~~~~~~~
popolazione.h:14:7: note: previous definition of ‘class Popolazione’
   14 | class Popolazione {
      |       ^~~~~~~~~~~
popolazione.h:14:7: error: redefinition of ‘class Popolazione’
   14 | class Popolazione {
      |       ^~~~~~~~~~~
popolazione.h:14:7: note: previous definition of ‘class Popolazione’
   14 | class Popolazione {
      |       ^~~~~~~~~~~
popolazione.h:14:7: error: redefinition of ‘class Popolazione’
   14 | class Popolazione {
      |       ^~~~~~~~~~~
popolazione.h:14:7: note: previous definition of ‘class Popolazione’
   14 | class Popolazione {
      |       ^~~~~~~~~~~
popolazione.h:14:7: error: redefinition of ‘class Popolazione’
   14 | class Popolazione {
      |       ^~~~~~~~~~~
popolazione.h:14:7: note: previous definition of ‘class Popolazione’
   14 | class Popolazione {
      |       ^~~~~~~~~~~
popolazione.h:14:7: error: redefinition of ‘class Popolazione’
   14 | class Popolazione {
      |       ^~~~~~~~~~~
popolazione.h:14:7: note: previous definition of ‘class Popolazione’
   14 | class Popolazione {
      |       ^~~~~~~~~~~
popolazione.h:14:7: error: redefinition of ‘class Popolazione’
   14 | class Popolazione {
      |       ^~~~~~~~~~~
popolazione.h:14:7: note: previous definition of ‘class Popolazione’
   14 | class Popolazione {
      |       ^~~~~~~~~~~
popolazione.h:14:7: error: redefinition of ‘class Popolazione’
   14 | class Popolazione {
      |       ^~~~~~~~~~~
popolazione.h:14:7: note: previous definition of ‘class Popolazione’
   14 | class Popolazione {
      |       ^~~~~~~~~~~
popolazione.h:14:7: error: redefinition of ‘class Popolazione’
   14 | class Popolazione {
      |       ^~~~~~~~~~~
popolazione.h:14:7: note: previous definition of ‘class Popolazione’
   14 | class Popolazione {
      |       ^~~~~~~~~~~
popolazione.h:14:7: error: redefinition of ‘class Popolazione’
   14 | class Popolazione {
      |       ^~~~~~~~~~~
popolazione.h:14:7: note: previous definition of ‘class Popolazione’
   14 | class Popolazione {
      |       ^~~~~~~~~~~
popolazione.h:14:7: error: redefinition of ‘class Popolazione’
   14 | class Popolazione {
      |       ^~~~~~~~~~~
popolazione.h:14:7: note: previous definition of ‘class Popolazione’
   14 | class Popolazione {
      |       ^~~~~~~~~~~
popolazione.h:14:7: error: redefinition of ‘class Popolazione’
   14 | class Popolazione {
      |       ^~~~~~~~~~~
popolazione.h:14:7: note: previous definition of ‘class Popolazione’
   14 | class Popolazione {
      |       ^~~~~~~~~~~
popolazione.h:14:7: error: redefinition of ‘class Popolazione’
   14 | class Popolazione {
      |       ^~~~~~~~~~~
popolazione.h:14:7: note: previous definition of ‘class Popolazione’
   14 | class Popolazione {
      |       ^~~~~~~~~~~
popolazione.h:14:7: error: redefinition of ‘class Popolazione’
   14 | class Popolazione {
      |       ^~~~~~~~~~~
popolazione.h:14:7: note: previous definition of ‘class Popolazione’
   14 | class Popolazione {
      |       ^~~~~~~~~~~
popolazione.h:14:7: error: redefinition of ‘class Popolazione’
   14 | class Popolazione {
      |       ^~~~~~~~~~~
popolazione.h:14:7: note: previous definition of ‘class Popolazione’
   14 | class Popolazione {
      |       ^~~~~~~~~~~
popolazione.h:14:7: error: redefinition of ‘class Popolazione’
   14 | class Popolazione {
      |       ^~~~~~~~~~~
popolazione.h:14:7: note: previous definition of ‘class Popolazione’
   14 | class Popolazione {
      |       ^~~~~~~~~~~
popolazione.h:14:7: error: redefinition of ‘class Popolazione’
   14 | class Popolazione {
      |       ^~~~~~~~~~~
popolazione.h:14:7: note: previous definition of ‘class Popolazione’
   14 | class Popolazione {
      |       ^~~~~~~~~~~
popolazione.h:14:7: error: redefinition of ‘class Popolazione’
   14 | class Popolazione {
      |       ^~~~~~~~~~~
popolazione.h:14:7: note: previous definition of ‘class Popolazione’
   14 | class Popolazione {
      |       ^~~~~~~~~~~
popolazione.h:14:7: error: redefinition of ‘class Popolazione’
   14 | class Popolazione {
      |       ^~~~~~~~~~~
popolazione.h:14:7: note: previous definition of ‘class Popolazione’
   14 | class Popolazione {
      |       ^~~~~~~~~~~
popolazione.h:14:7: error: redefinition of ‘class Popolazione’
   14 | class Popolazione {
      |       ^~~~~~~~~~~
popolazione.h:14:7: note: previous definition of ‘class Popolazione’
   14 | class Popolazione {
      |       ^~~~~~~~~~~
popolazione.h:14:7: error: redefinition of ‘class Popolazione’
   14 | class Popolazione {
      |       ^~~~~~~~~~~
popolazione.h:14:7: note: previous definition of ‘class Popolazione’
   14 | class Popolazione {
      |       ^~~~~~~~~~~
popolazione.h:14:7: error: redefinition of ‘class Popolazione’
   14 | class Popolazione {
      |       ^~~~~~~~~~~
popolazione.h:14:7: note: previous definition of ‘class Popolazione’
   14 | class Popolazione {
      |       ^~~~~~~~~~~
popolazione.h:14:7: error: redefinition of ‘class Popolazione’
   14 | class Popolazione {
      |       ^~~~~~~~~~~
popolazione.h:14:7: note: previous definition of ‘class Popolazione’
   14 | class Popolazione {
      |       ^~~~~~~~~~~
popolazione.h:14:7: error: redefinition of ‘class Popolazione’
   14 | class Popolazione {
      |       ^~~~~~~~~~~
popolazione.h:14:7: note: previous definition of ‘class Popolazione’
   14 | class Popolazione {
      |       ^~~~~~~~~~~
popolazione.h:14:7: error: redefinition of ‘class Popolazione’
   14 | class Popolazione {
      |       ^~~~~~~~~~~
popolazione.h:14:7: note: previous definition of ‘class Popolazione’
   14 | class Popolazione {
      |       ^~~~~~~~~~~
popolazione.h:14:7: error: redefinition of ‘class Popolazione’
   14 | class Popolazione {
      |       ^~~~~~~~~~~
popolazione.h:14:7: note: previous definition of ‘class Popolazione’
   14 | class Popolazione {
      |       ^~~~~~~~~~~
popolazione.h:14:7: error: redefinition of ‘class Popolazione’
   14 | class Popolazione {
      |       ^~~~~~~~~~~
popolazione.h:14:7: note: previous definition of ‘class Popolazione’
   14 | class Popolazione {
      |       ^~~~~~~~~~~
popolazione.h:14:7: error: redefinition of ‘class Popolazione’
   14 | class Popolazione {
      |       ^~~~~~~~~~~
popolazione.h:14:7: note: previous definition of ‘class Popolazione’
   14 | class Popolazione {
      |       ^~~~~~~~~~~
popolazione.h:14:7: error: redefinition of ‘class Popolazione’
   14 | class Popolazione {
      |       ^~~~~~~~~~~
popolazione.h:14:7: note: previous definition of ‘class Popolazione’
   14 | class Popolazione {
      |       ^~~~~~~~~~~
popolazione.h:14:7: error: redefinition of ‘class Popolazione’
   14 | class Popolazione {
      |       ^~~~~~~~~~~
popolazione.h:14:7: note: previous definition of ‘class Popolazione’
   14 | class Popolazione {
      |       ^~~~~~~~~~~
popolazione.h:14:7: error: redefinition of ‘class Popolazione’
   14 | class Popolazione {
      |       ^~~~~~~~~~~
popolazione.h:14:7: note: previous definition of ‘class Popolazione’
   14 | class Popolazione {
      |       ^~~~~~~~~~~
popolazione.h:14:7: error: redefinition of ‘class Popolazione’
   14 | class Popolazione {
      |       ^~~~~~~~~~~
popolazione.h:14:7: note: previous definition of ‘class Popolazione’
   14 | class Popolazione {
      |       ^~~~~~~~~~~
popolazione.h:14:7: error: redefinition of ‘class Popolazione’
   14 | class Popolazione {
      |       ^~~~~~~~~~~
popolazione.h:14:7: note: previous definition of ‘class Popolazione’
   14 | class Popolazione {
      |       ^~~~~~~~~~~
popolazione.h:14:7: error: redefinition of ‘class Popolazione’
   14 | class Popolazione {
      |       ^~~~~~~~~~~
popolazione.h:14:7: note: previous definition of ‘class Popolazione’
   14 | class Popolazione {
      |       ^~~~~~~~~~~
popolazione.h:14:7: error: redefinition of ‘class Popolazione’
   14 | class Popolazione {
      |       ^~~~~~~~~~~
popolazione.h:14:7: note: previous definition of ‘class Popolazione’
   14 | class Popolazione {
      |       ^~~~~~~~~~~
popolazione.h:14:7: error: redefinition of ‘class Popolazione’
   14 | class Popolazione {
      |       ^~~~~~~~~~~
popolazione.h:14:7: note: previous definition of ‘class Popolazione’
   14 | class Popolazione {
      |       ^~~~~~~~~~~
popolazione.h:14:7: error: redefinition of ‘class Popolazione’
   14 | class Popolazione {
      |       ^~~~~~~~~~~
popolazione.h:14:7: note: previous definition of ‘class Popolazione’
   14 | class Popolazione {
      |       ^~~~~~~~~~~
popolazione.h:14:7: error: redefinition of ‘class Popolazione’
   14 | class Popolazione {
      |       ^~~~~~~~~~~
popolazione.h:14:7: note: previous definition of ‘class Popolazione’
   14 | class Popolazione {
      |       ^~~~~~~~~~~
popolazione.h:14:7: error: redefinition of ‘class Popolazione’
   14 | class Popolazione {
      |       ^~~~~~~~~~~
popolazione.h:14:7: note: previous definition of ‘class Popolazione’
   14 | class Popolazione {
      |       ^~~~~~~~~~~
popolazione.h:14:7: error: redefinition of ‘class Popolazione’
   14 | class Popolazione {
      |       ^~~~~~~~~~~
popolazione.h:14:7: note: previous definition of ‘class Popolazione’
   14 | class Popolazione {
      |       ^~~~~~~~~~~
popolazione.h:14:7: error: redefinition of ‘class Popolazione’
   14 | class Popolazione {
      |       ^~~~~~~~~~~
popolazione.h:14:7: note: previous definition of ‘class Popolazione’
   14 | class Popolazione {
      |       ^~~~~~~~~~~
popolazione.h:14:7: error: redefinition of ‘class Popolazione’
   14 | class Popolazione {
      |       ^~~~~~~~~~~
popolazione.h:14:7: note: previous definition of ‘class Popolazione’
   14 | class Popolazione {
      |       ^~~~~~~~~~~
popolazione.h:14:7: error: redefinition of ‘class Popolazione’
   14 | class Popolazione {
      |       ^~~~~~~~~~~
popolazione.h:14:7: note: previous definition of ‘class Popolazione’
   14 | class Popolazione {
      |       ^~~~~~~~~~~
popolazione.h:14:7: error: redefinition of ‘class Popolazione’
   14 | class Popolazione {
      |       ^~~~~~~~~~~
popolazione.h:14:7: note: previous definition of ‘class Popolazione’
   14 | class Popolazione {
      |       ^~~~~~~~~~~
popolazione.h:14:7: error: redefinition of ‘class Popolazione’
   14 | class Popolazione {
      |       ^~~~~~~~~~~
popolazione.h:14:7: note: previous definition of ‘class Popolazione’
   14 | class Popolazione {
      |       ^~~~~~~~~~~
popolazione.h:14:7: error: redefinition of ‘class Popolazione’
   14 | class Popolazione {
      |       ^~~~~~~~~~~
popolazione.h:14:7: note: previous definition of ‘class Popolazione’
   14 | class Popolazione {
      |       ^~~~~~~~~~~
popolazione.h:14:7: error: redefinition of ‘class Popolazione’
   14 | class Popolazione {
      |       ^~~~~~~~~~~
popolazione.h:14:7: note: previous definition of ‘class Popolazione’
   14 | class Popolazione {
      |       ^~~~~~~~~~~
popolazione.h:14:7: error: redefinition of ‘class Popolazione’
   14 | class Popolazione {
      |       ^~~~~~~~~~~
popolazione.h:14:7: note: previous definition of ‘class Popolazione’
   14 | class Popolazione {
      |       ^~~~~~~~~~~
popolazione.h:14:7: error: redefinition of ‘class Popolazione’
   14 | class Popolazione {
      |       ^~~~~~~~~~~
popolazione.h:14:7: note: previous definition of ‘class Popolazione’
   14 | class Popolazione {
      |       ^~~~~~~~~~~
popolazione.h:14:7: error: redefinition of ‘class Popolazione’
   14 | class Popolazione {
      |       ^~~~~~~~~~~
popolazione.h:14:7: note: previous definition of ‘class Popolazione’
   14 | class Popolazione {
      |       ^~~~~~~~~~~
popolazione.h:14:7: error: redefinition of ‘class Popolazione’
   14 | class Popolazione {
      |       ^~~~~~~~~~~
popolazione.h:14:7: note: previous definition of ‘class Popolazione’
   14 | class Popolazione {
      |       ^~~~~~~~~~~
popolazione.h:14:7: error: redefinition of ‘class Popolazione’
   14 | class Popolazione {
      |       ^~~~~~~~~~~
popolazione.h:14:7: note: previous definition of ‘class Popolazione’
   14 | class Popolazione {
      |       ^~~~~~~~~~~
popolazione.h:14:7: error: redefinition of ‘class Popolazione’
   14 | class Popolazione {
      |       ^~~~~~~~~~~
popolazione.h:14:7: note: previous definition of ‘class Popolazione’
   14 | class Popolazione {
      |       ^~~~~~~~~~~
popolazione.h:14:7: error: redefinition of ‘class Popolazione’
   14 | class Popolazione {
      |       ^~~~~~~~~~~
popolazione.h:14:7: note: previous definition of ‘class Popolazione’
   14 | class Popolazione {
      |       ^~~~~~~~~~~
popolazione.h:14:7: error: redefinition of ‘class Popolazione’
   14 | class Popolazione {
      |       ^~~~~~~~~~~
popolazione.h:14:7: note: previous definition of ‘class Popolazione’
   14 | class Popolazione {
      |       ^~~~~~~~~~~
popolazione.h:14:7: error: redefinition of ‘class Popolazione’
   14 | class Popolazione {
      |       ^~~~~~~~~~~
popolazione.h:14:7: note: previous definition of ‘class Popolazione’
   14 | class Popolazione {
      |       ^~~~~~~~~~~
popolazione.h:14:7: error: redefinition of ‘class Popolazione’
   14 | class Popolazione {
      |       ^~~~~~~~~~~
popolazione.h:14:7: note: previous definition of ‘class Popolazione’
   14 | class Popolazione {
      |       ^~~~~~~~~~~
popolazione.h:14:7: error: redefinition of ‘class Popolazione’
   14 | class Popolazione {
      |       ^~~~~~~~~~~
popolazione.h:14:7: note: previous definition of ‘class Popolazione’
   14 | class Popolazione {
      |       ^~~~~~~~~~~
popolazione.h:14:7: error: redefinition of ‘class Popolazione’
   14 | class Popolazione {
      |       ^~~~~~~~~~~
popolazione.h:14:7: note: previous definition of ‘class Popolazione’
   14 | class Popolazione {
      |       ^~~~~~~~~~~
popolazione.h:14:7: error: redefinition of ‘class Popolazione’
   14 | class Popolazione {
      |       ^~~~~~~~~~~
popolazione.h:14:7: note: previous definition of ‘class Popolazione’
   14 | class Popolazione {
      |       ^~~~~~~~~~~
popolazione.h:14:7: error: redefinition of ‘class Popolazione’
   14 | class Popolazione {
      |       ^~~~~~~~~~~
popolazione.h:14:7: note: previous definition of ‘class Popolazione’
   14 | class Popolazione {
      |       ^~~~~~~~~~~
popolazione.h:14:7: error: redefinition of ‘class Popolazione’
   14 | class Popolazione {
      |       ^~~~~~~~~~~
popolazione.h:14:7: note: previous definition of ‘class Popolazione’
   14 | class Popolazione {
      |       ^~~~~~~~~~~
popolazione.h:14:7: error: redefinition of ‘class Popolazione’
   14 | class Popolazione {
      |       ^~~~~~~~~~~
popolazione.h:14:7: note: previous definition of ‘class Popolazione’
   14 | class Popolazione {
      |       ^~~~~~~~~~~
popolazione.h:14:7: error: redefinition of ‘class Popolazione’
   14 | class Popolazione {
      |       ^~~~~~~~~~~
popolazione.h:14:7: note: previous definition of ‘class Popolazione’
   14 | class Popolazione {
      |       ^~~~~~~~~~~
popolazione.h:14:7: error: redefinition of ‘class Popolazione’
   14 | class Popolazione {
      |       ^~~~~~~~~~~
popolazione.h:14:7: note: previous definition of ‘class Popolazione’
   14 | class Popolazione {
      |       ^~~~~~~~~~~
popolazione.h:14:7: error: redefinition of ‘class Popolazione’
   14 | class Popolazione {
      |       ^~~~~~~~~~~
popolazione.h:14:7: note: previous definition of ‘class Popolazione’
   14 | class Popolazione {
      |       ^~~~~~~~~~~
popolazione.h:14:7: error: redefinition of ‘class Popolazione’
   14 | class Popolazione {
      |       ^~~~~~~~~~~
popolazione.h:14:7: note: previous definition of ‘class Popolazione’
   14 | class Popolazione {
      |       ^~~~~~~~~~~
popolazione.h:14:7: error: redefinition of ‘class Popolazione’
   14 | class Popolazione {
      |       ^~~~~~~~~~~
popolazione.h:14:7: note: previous definition of ‘class Popolazione’
   14 | class Popolazione {
      |       ^~~~~~~~~~~
popolazione.h:14:7: error: redefinition of ‘class Popolazione’
   14 | class Popolazione {
      |       ^~~~~~~~~~~
popolazione.h:14:7: note: previous definition of ‘class Popolazione’
   14 | class Popolazione {
      |       ^~~~~~~~~~~
popolazione.h:14:7: error: redefinition of ‘class Popolazione’
   14 | class Popolazione {
      |       ^~~~~~~~~~~
popolazione.h:14:7: note: previous definition of ‘class Popolazione’
   14 | class Popolazione {
      |       ^~~~~~~~~~~
popolazione.h:14:7: error: redefinition of ‘class Popolazione’
   14 | class Popolazione {
      |       ^~~~~~~~~~~
popolazione.h:14:7: note: previous definition of ‘class Popolazione’
   14 | class Popolazione {
      |       ^~~~~~~~~~~
popolazione.h:14:7: error: redefinition of ‘class Popolazione’
   14 | class Popolazione {
      |       ^~~~~~~~~~~
popolazione.h:14:7: note: previous definition of ‘class Popolazione’
   14 | class Popolazione {
      |       ^~~~~~~~~~~
popolazione.h:14:7: error: redefinition of ‘class Popolazione’
   14 | class Popolazione {
      |       ^~~~~~~~~~~
popolazione.h:14:7: note: previous definition of ‘class Popolazione’
   14 | class Popolazione {
      |       ^~~~~~~~~~~
popolazione.h:14:7: error: redefinition of ‘class Popolazione’
   14 | class Popolazione {
      |       ^~~~~~~~~~~
popolazione.h:14:7: note: previous definition of ‘class Popolazione’
   14 | class Popolazione {
      |       ^~~~~~~~~~~
popolazione.h:14:7: error: redefinition of ‘class Popolazione’
   14 | class Popolazione {
      |       ^~~~~~~~~~~
popolazione.h:14:7: note: previous definition of ‘class Popolazione’
   14 | class Popolazione {
      |       ^~~~~~~~~~~
popolazione.h:14:7: error: redefinition of ‘class Popolazione’
   14 | class Popolazione {
      |       ^~~~~~~~~~~
popolazione.h:14:7: note: previous definition of ‘class Popolazione’
   14 | class Popolazione {
      |       ^~~~~~~~~~~
popolazione.h:14:7: error: redefinition of ‘class Popolazione’
   14 | class Popolazione {
      |       ^~~~~~~~~~~
popolazione.h:14:7: note: previous definition of ‘class Popolazione’
   14 | class Popolazione {
      |       ^~~~~~~~~~~
popolazione.h:14:7: error: redefinition of ‘class Popolazione’
   14 | class Popolazione {
      |       ^~~~~~~~~~~
popolazione.h:14:7: note: previous definition of ‘class Popolazione’
   14 | class Popolazione {
      |       ^~~~~~~~~~~
popolazione.h:14:7: error: redefinition of ‘class Popolazione’
   14 | class Popolazione {
      |       ^~~~~~~~~~~
popolazione.h:14:7: note: previous definition of ‘class Popolazione’
   14 | class Popolazione {
      |       ^~~~~~~~~~~
popolazione.h:14:7: error: redefinition of ‘class Popolazione’
   14 | class Popolazione {
      |       ^~~~~~~~~~~
popolazione.h:14:7: note: previous definition of ‘class Popolazione’
   14 | class Popolazione {
      |       ^~~~~~~~~~~
popolazione.h:14:7: error: redefinition of ‘class Popolazione’
   14 | class Popolazione {
      |       ^~~~~~~~~~~
popolazione.h:14:7: note: previous definition of ‘class Popolazione’
   14 | class Popolazione {
      |       ^~~~~~~~~~~
popolazione.h:14:7: error: redefinition of ‘class Popolazione’
   14 | class Popolazione {
      |       ^~~~~~~~~~~
popolazione.h:14:7: note: previous definition of ‘class Popolazione’
   14 | class Popolazione {
      |       ^~~~~~~~~~~
popolazione.h:14:7: error: redefinition of ‘class Popolazione’
   14 | class Popolazione {
      |       ^~~~~~~~~~~
popolazione.h:14:7: note: previous definition of ‘class Popolazione’
   14 | class Popolazione {
      |       ^~~~~~~~~~~
popolazione.h:14:7: error: redefinition of ‘class Popolazione’
   14 | class Popolazione {
      |       ^~~~~~~~~~~
popolazione.h:14:7: note: previous definition of ‘class Popolazione’
   14 | class Popolazione {
      |       ^~~~~~~~~~~
popolazione.h:14:7: error: redefinition of ‘class Popolazione’
   14 | class Popolazione {
      |       ^~~~~~~~~~~
popolazione.h:14:7: note: previous definition of ‘class Popolazione’
   14 | class Popolazione {
      |       ^~~~~~~~~~~
popolazione.h:14:7: error: redefinition of ‘class Popolazione’
   14 | class Popolazione {
      |       ^~~~~~~~~~~
popolazione.h:14:7: note: previous definition of ‘class Popolazione’
   14 | class Popolazione {
      |       ^~~~~~~~~~~
popolazione.h:14:7: error: redefinition of ‘class Popolazione’
   14 | class Popolazione {
      |       ^~~~~~~~~~~
popolazione.h:14:7: note: previous definition of ‘class Popolazione’
   14 | class Popolazione {
      |       ^~~~~~~~~~~
popolazione.h:14:7: error: redefinition of ‘class Popolazione’
   14 | class Popolazione {
      |       ^~~~~~~~~~~
popolazione.h:14:7: note: previous definition of ‘class Popolazione’
   14 | class Popolazione {
      |       ^~~~~~~~~~~
popolazione.h:14:7: error: redefinition of ‘class Popolazione’
   14 | class Popolazione {
      |       ^~~~~~~~~~~
popolazione.h:14:7: note: previous definition of ‘class Popolazione’
   14 | class Popolazione {
      |       ^~~~~~~~~~~
popolazione.h:14:7: error: redefinition of ‘class Popolazione’
   14 | class Popolazione {
      |       ^~~~~~~~~~~
popolazione.h:14:7: note: previous definition of ‘class Popolazione’
   14 | class Popolazione {
      |       ^~~~~~~~~~~
popolazione.h:14:7: error: redefinition of ‘class Popolazione’
   14 | class Popolazione {
      |       ^~~~~~~~~~~
popolazione.h:14:7: note: previous definition of ‘class Popolazione’
   14 | class Popolazione {
      |       ^~~~~~~~~~~
popolazione.h:14:7: error: redefinition of ‘class Popolazione’
   14 | class Popolazione {
      |       ^~~~~~~~~~~
popolazione.h:14:7: note: previous definition of ‘class Popolazione’
   14 | class Popolazione {
      |       ^~~~~~~~~~~
popolazione.h:14:7: error: redefinition of ‘class Popolazione’
   14 | class Popolazione {
      |       ^~~~~~~~~~~
popolazione.h:14:7: note: previous definition of ‘class Popolazione’
   14 | class Popolazione {
      |       ^~~~~~~~~~~
popolazione.h:14:7: error: redefinition of ‘class Popolazione’
   14 | class Popolazione {
      |       ^~~~~~~~~~~
popolazione.h:14:7: note: previous definition of ‘class Popolazione’
   14 | class Popolazione {
      |       ^~~~~~~~~~~
popolazione.h:14:7: error: redefinition of ‘class Popolazione’
   14 | class Popolazione {
      |       ^~~~~~~~~~~
popolazione.h:14:7: note: previous definition of ‘class Popolazione’
   14 | class Popolazione {
      |       ^~~~~~~~~~~
popolazione.h:14:7: error: redefinition of ‘class Popolazione’
   14 | class Popolazione {
      |       ^~~~~~~~~~~
popolazione.h:14:7: note: previous definition of ‘class Popolazione’
   14 | class Popolazione {
      |       ^~~~~~~~~~~
popolazione.h:14:7: error: redefinition of ‘class Popolazione’
   14 | class Popolazione {
      |       ^~~~~~~~~~~
popolazione.h:14:7: note: previous definition of ‘class Popolazione’
   14 | class Popolazione {
      |       ^~~~~~~~~~~
make: *** [Makefile:16: main.o] Error 1
