1 1 0
2 1.41734 0.00502863
3 1.72614 0.00749353
4 1.98955 0.0089059
5 2.22811 0.00911998
6 2.44057 0.00974868
7 2.6419 0.0101856
8 2.81522 0.0121775
9 2.98442 0.0141268
10 3.15 0.0151258
11 3.29444 0.0150035
12 3.43214 0.0160491
13 3.5599 0.0166663
14 3.68022 0.017807
15 3.81996 0.0190559
16 3.94629 0.019995
17 4.06406 0.0205678
18 4.17897 0.0209853
19 4.28653 0.0213698
20 4.39951 0.0217988
21 4.51841 0.0220184
22 4.63046 0.0222249
23 4.73844 0.0242028
24 4.85061 0.0250361
25 4.9487 0.025849
26 5.0531 0.0250706
27 5.16565 0.0249922
28 5.26738 0.0260104
29 5.36801 0.0267519
30 5.47231 0.0262433
31 5.56172 0.0259387
32 5.63171 0.0247528
33 5.71912 0.0241207
34 5.79052 0.0249526
35 5.86446 0.026109
36 5.94451 0.0270097
37 6.03096 0.0284127
38 6.12716 0.0287848
39 6.21346 0.028612
40 6.28493 0.0290375
41 6.35641 0.0301999
42 6.4377 0.0308826
43 6.51953 0.0311395
44 6.59161 0.0305141
45 6.6747 0.0306685
46 6.74589 0.0314968
47 6.80918 0.0334454
48 6.88378 0.0356314
49 6.94959 0.0354301
50 7.0191 0.0355997
51 7.09498 0.0357469
52 7.158 0.0352449
53 7.23521 0.0360535
54 7.29178 0.0361434
55 7.35094 0.0364829
56 7.40239 0.0361665
57 7.47344 0.0366983
58 7.54194 0.0357485
59 7.61117 0.0351948
60 7.68239 0.0362867
61 7.74589 0.0352742
62 7.81275 0.034733
63 7.86226 0.0345048
64 7.92259 0.0341252
65 7.98875 0.0350955
66 8.06305 0.0360768
67 8.12564 0.0362548
68 8.1861 0.0371299
69 8.24797 0.0372973
70 8.30754 0.0375719
71 8.36842 0.037777
72 8.43311 0.0376546
73 8.49117 0.0378923
74 8.54087 0.0372981
75 8.59973 0.037977
76 8.65967 0.0382155
77 8.70752 0.0394788
78 8.75518 0.0401839
79 8.80512 0.0405798
80 8.85838 0.0407407
81 8.91788 0.0408911
82 8.97737 0.0398911
83 9.03733 0.0389985
84 9.09146 0.0389621
85 9.14733 0.0393531
86 9.20218 0.0393971
87 9.27204 0.0399968
88 9.3253 0.039982
89 9.37194 0.0411304
90 9.43076 0.0415849
91 9.47302 0.0417137
92 9.52379 0.04255
93 9.57328 0.0430032
94 9.62574 0.0435134
95 9.67511 0.0438591
96 9.73099 0.0433157
97 9.79391 0.0437058
98 9.84862 0.0432511
99 9.90205 0.0442423
100 9.94495 0.0445775
