1 1 0
2 1.41568 0.00405449
3 1.73834 0.00580991
4 2.00545 0.00718881
5 2.24046 0.00820075
6 2.44503 0.00827191
7 2.64044 0.00888777
8 2.81796 0.00994658
9 2.99254 0.0101382
10 3.15006 0.0104513
11 3.30519 0.0120405
12 3.46081 0.0126568
13 3.59893 0.0131412
14 3.73811 0.01323
15 3.87093 0.0145965
16 3.99772 0.0146992
17 4.12179 0.0140964
18 4.24524 0.0139829
19 4.36907 0.0148944
20 4.48419 0.0154465
21 4.59843 0.0161987
22 4.70308 0.0163348
23 4.81009 0.0167919
24 4.90737 0.0172876
25 5.00931 0.0186059
26 5.10633 0.0187635
27 5.19887 0.0195374
28 5.30292 0.0196033
29 5.39516 0.0196037
30 5.4872 0.0196028
31 5.58059 0.0205035
32 5.66119 0.0204169
33 5.7462 0.0212536
34 5.83616 0.0224006
35 5.92254 0.0226912
36 6.01077 0.0222035
37 6.09175 0.0228869
38 6.1615 0.0223763
39 6.23695 0.0227348
40 6.31754 0.0230438
41 6.38859 0.0236951
42 6.47171 0.0230618
43 6.55743 0.0236867
44 6.63108 0.0238764
45 6.69952 0.0239569
46 6.77386 0.0242455
47 6.8445 0.0252232
48 6.91784 0.0248782
49 6.98703 0.0253385
50 7.05898 0.0250088
51 7.13239 0.0258922
52 7.19869 0.0272595
53 7.27003 0.027206
54 7.34931 0.0279397
55 7.41679 0.0289147
56 7.48169 0.0289299
57 7.55513 0.0293552
58 7.62429 0.0301652
59 7.69919 0.0302116
60 7.76489 0.0306786
61 7.81825 0.0306543
62 7.8831 0.0307696
63 7.95488 0.0317027
64 8.02129 0.031538
65 8.08651 0.0306185
66 8.14696 0.03063
67 8.20741 0.0314286
68 8.26205 0.0313286
69 8.32222 0.0317298
70 8.37205 0.0318817
71 8.43899 0.0316661
72 8.50417 0.0310028
73 8.57171 0.0306502
74 8.63782 0.0306175
75 8.68263 0.0306369
76 8.73838 0.0312331
77 8.80117 0.0321381
78 8.86927 0.0326817
79 8.91147 0.0339301
80 8.96594 0.034618
81 9.02822 0.0335531
82 9.08905 0.0330703
83 9.14679 0.0336926
84 9.19311 0.0338502
85 9.25626 0.034268
86 9.30968 0.0345316
87 9.36027 0.0356101
88 9.40538 0.0364416
89 9.45451 0.0373871
90 9.50583 0.0381506
91 9.55014 0.0387303
92 9.60206 0.0394169
93 9.64892 0.0396909
94 9.69853 0.0406202
95 9.74131 0.040474
96 9.78698 0.0407568
97 9.83489 0.0417975
98 9.87904 0.0424833
99 9.92767 0.0417026
100 9.97089 0.0426469
