1 19.9457 19.9457 0
2 16.6376 18.2916 1.16959
3 13.2284 16.6039 1.58332
4 15.746 16.3894 1.20193
5 14.6244 16.0364 1.01206
6 16.9381 16.1867 0.854467
7 14.8686 15.9984 0.752862
8 16.1433 16.0165 0.658972
9 13.414 15.7273 0.646091
10 15.8287 15.7375 0.581561
11 14.1665 15.5947 0.545945
12 11.4593 15.25 0.599425
13 15.7318 15.2871 0.554459
14 15.0006 15.2666 0.515232
15 15.1996 15.2622 0.480903
16 17.4019 15.3959 0.469073
17 17.264 15.5058 0.454169
18 14.2909 15.4383 0.433923
19 15.7959 15.4571 0.411493
20 14.6286 15.4157 0.392998
21 12.3364 15.2691 0.400706
22 10.7543 15.0638 0.431857
23 14.9747 15.06 0.413098
24 17.9323 15.1796 0.412858
25 19.6075 15.3568 0.432668
26 13.7652 15.2955 0.420335
27 16.4119 15.3369 0.406795
28 14.0958 15.2926 0.394675
29 16.2987 15.3273 0.382587
30 13.9518 15.2814 0.372571
31 14.0627 15.2421 0.362621
32 13.3744 15.1837 0.355955
33 17.0679 15.2408 0.349718
34 18.218 15.3284 0.350222
35 17.8253 15.3997 0.347406
36 16.2727 15.424 0.338601
37 14.7359 15.4054 0.32996
38 12.2983 15.3236 0.331253
39 11.8369 15.2342 0.334607
40 16.6693 15.2701 0.328159
41 13.9348 15.2375 0.321767
42 14.7953 15.227 0.314279
43 13.9021 15.1962 0.308476
44 12.8201 15.1422 0.306156
45 12.617 15.0861 0.304452
46 15.9363 15.1045 0.298394
47 15.7792 15.1189 0.29239
48 9.91497 15.0105 0.305738
49 13.4462 14.9786 0.301161
50 16.4654 15.0083 0.296602
51 12.8215 14.9654 0.293869
52 17.0579 15.0057 0.29096
53 12.9512 14.9669 0.288041
54 16.6356 14.9978 0.284359
55 12.8543 14.9588 0.281847
56 12.2737 14.9109 0.280863
57 14.5937 14.9053 0.275991
58 15.3426 14.9129 0.271336
59 14.5649 14.907 0.266801
60 16.5146 14.9337 0.263696
61 13.4216 14.909 0.260536
62 15.1705 14.9132 0.256368
63 16.688 14.9413 0.253842
64 14.8538 14.94 0.249879
65 21.629 15.0429 0.266384
66 16.3122 15.0621 0.263041
67 13.3352 15.0363 0.260375
68 14.6487 15.0306 0.256608
69 14.5724 15.024 0.252975
70 14.9036 15.0223 0.249367
71 14.3826 15.0133 0.246017
72 17.4441 15.047 0.244906
73 14.4984 15.0395 0.241667
74 14.3254 15.0299 0.238593
75 18.8796 15.0812 0.24087
76 19.0171 15.133 0.243205
77 16.004 15.1443 0.240309
78 15.4081 15.1477 0.237252
79 17.0118 15.1713 0.235419
80 14.3542 15.1611 0.232698
81 14.7752 15.1563 0.229874
82 17.2932 15.1824 0.228543
83 12.8531 15.1543 0.227506
84 14.9729 15.1521 0.224808
85 15.5653 15.157 0.222215
86 12.7458 15.129 0.221393
87 18.2503 15.1648 0.221736
88 9.51224 15.1006 0.228331
89 17.0703 15.1227 0.226836
90 14.1078 15.1115 0.224595
91 15.4374 15.115 0.222156
92 11.776 15.0787 0.222686
93 18.7259 15.118 0.223718
94 15.4172 15.1211 0.221361
95 12.0784 15.0891 0.221336
96 14.269 15.0806 0.219195
97 14.0414 15.0699 0.217197
98 17.3605 15.0932 0.216235
99 13.6795 15.079 0.214522
100 15.3553 15.0817 0.212394
