1 5.79103 5.79103 0
2 4.13526 4.96315 0.585401
3 4.50642 4.8109 0.409586
4 5.1217 4.8886 0.314473
5 5.85045 5.08097 0.304789
6 5.17846 5.09722 0.254423
7 3.85704 4.92005 0.272878
8 5.61842 5.00735 0.252346
9 5.73864 5.0886 0.237029
10 4.97234 5.07698 0.213611
11 5.41572 5.10777 0.196399
12 6.09195 5.18979 0.196412
13 5.01873 5.17663 0.181743
14 3.01793 5.02243 0.22485
15 6.2682 5.10549 0.224675
16 6.37451 5.1848 0.224196
17 3.65706 5.09493 0.22831
18 7.09037 5.20579 0.241042
19 6.22873 5.25963 0.234291
20 5.11067 5.25218 0.222695
21 5.32469 5.25563 0.212117
22 6.12874 5.29532 0.206155
23 5.19747 5.29107 0.197235
24 3.26104 5.20648 0.206359
25 6.61592 5.26286 0.205661
26 6.25128 5.30087 0.201234
27 5.3329 5.30206 0.193785
28 5.75206 5.31813 0.187529
29 4.46969 5.28888 0.18333
30 4.89369 5.2757 0.177692
31 4.11217 5.23817 0.175879
32 6.73488 5.28494 0.176493
33 3.92761 5.24381 0.175872
34 4.12032 5.21077 0.173776
35 6.34302 5.24312 0.171796
36 6.38533 5.27485 0.169928
37 4.73987 5.26039 0.165949
38 5.86529 5.2763 0.162344
39 8.33838 5.35482 0.176147
40 5.77302 5.36527 0.172054
41 4.64604 5.34773 0.168749
42 4.32731 5.32344 0.166471
43 5.48854 5.32728 0.162644
44 4.76401 5.31447 0.15945
45 6.01158 5.32997 0.156658
46 5.52844 5.33428 0.153312
47 4.65099 5.31974 0.150737
48 4.36516 5.29986 0.148903
49 5.93804 5.31288 0.146433
50 5.56687 5.31796 0.143592
51 4.93039 5.31036 0.140978
52 5.7015 5.31788 0.138467
53 4.74089 5.307 0.136282
54 7.12276 5.34062 0.137844
55 5.54294 5.3443 0.135387
56 5.88059 5.35388 0.133307
57 5.00117 5.34769 0.131112
58 4.07356 5.32572 0.130679
59 5.91181 5.33565 0.128841
60 5.86932 5.34455 0.127
61 4.20357 5.32584 0.126288
62 5.41907 5.32735 0.12426
63 6.17791 5.34085 0.123019
64 5.44953 5.34255 0.121109
65 3.64268 5.31639 0.122036
66 5.36098 5.31707 0.120189
67 5.17417 5.31494 0.118414
68 3.75538 5.292 0.118873
69 5.01028 5.28792 0.117221
70 6.0167 5.29833 0.116007
71 5.08838 5.29537 0.114411
72 4.55112 5.28504 0.113288
73 6.52833 5.30207 0.113009
74 5.29972 5.30204 0.111482
75 5.32587 5.30235 0.109996
76 4.87712 5.29676 0.108691
77 4.78838 5.29016 0.10748
78 5.92518 5.2983 0.10641
79 6.17568 5.3094 0.105641
80 5.16399 5.30759 0.104336
81 4.43415 5.2968 0.103603
82 5.52664 5.29961 0.102378
83 5.86476 5.30642 0.101371
84 5.11963 5.30419 0.100188
85 5.28213 5.30393 0.0990099
86 5.66135 5.30809 0.0979458
87 4.99292 5.30447 0.0968869
88 5.76223 5.30967 0.0959255
89 4.35704 5.29896 0.095443
90 4.93037 5.29487 0.0944703
91 4.93019 5.29086 0.0935171
92 6.01541 5.29874 0.0928317
93 5.89023 5.3051 0.0920511
94 4.71213 5.29879 0.0912877
95 5.6768 5.30277 0.0904135
96 4.42836 5.29366 0.0899293
97 4.95808 5.2902 0.0890687
98 6.65735 5.30415 0.0892457
99 7.64162 5.32776 0.0914141
100 4.47871 5.31927 0.0908934
