1 0.988977 0.988977 0
2 0.988206 0.988592 0.000272616
3 0.986385 0.987856 0.000627618
4 1.00485 0.992105 0.00370993
5 1.00512 0.994708 0.00377216
6 1.00609 0.996606 0.00358917
7 0.965732 0.992195 0.00511259
8 0.99074 0.992013 0.00447676
9 1.00788 0.993776 0.00431257
10 1.0354 0.997939 0.00553675
11 1.0155 0.999535 0.00525866
12 0.99571 0.999217 0.00483009
13 0.989774 0.99849 0.00451283
14 1.00485 0.998945 0.00421331
15 0.998877 0.99894 0.00393243
16 0.946333 0.995652 0.00487097
17 1.00187 0.996018 0.00459815
18 0.994135 0.995913 0.00434389
19 0.980574 0.995106 0.00418962
20 1.004 0.995551 0.00400368
21 1.00276 0.995894 0.00382773
22 0.988731 0.995569 0.00366756
23 1.02005 0.996633 0.00365924
24 1.0162 0.997448 0.00359641
25 0.993462 0.997289 0.00345609
26 1.03394 0.998698 0.00359923
27 1.00551 0.998951 0.00347475
28 1.00547 0.999183 0.00335844
29 1.00163 0.999268 0.00324369
30 1.00447 0.999441 0.0031402
31 1.01601 0.999975 0.00308403
32 1.00394 1.0001 0.00299014
33 1.00109 1.00013 0.00289968
34 1.0001 1.00013 0.0028144
35 0.967358 0.999192 0.00288553
36 0.995974 0.999103 0.00280676
37 0.995369 0.999002 0.00273272
38 0.989332 0.998747 0.00267263
39 1.00815 0.998988 0.00261494
40 0.993248 0.998845 0.0025535
41 0.97741 0.998322 0.00254418
42 0.980256 0.997892 0.0025197
43 0.984941 0.997591 0.00247904
44 1.00164 0.997683 0.0024244
45 1.01459 0.998059 0.00239948
46 0.992342 0.997934 0.00235053
47 0.996566 0.997905 0.0023007
48 0.982644 0.997587 0.00227463
49 1.00627 0.997764 0.0022351
50 0.965124 0.997112 0.00228375
51 0.997726 0.997124 0.002239
52 1.00375 0.997251 0.00219956
53 1.00866 0.997466 0.00216857
54 0.986817 0.997269 0.00213736
55 1.0054 0.997417 0.00210361
56 0.999533 0.997455 0.00206638
57 0.963983 0.996868 0.00211192
58 0.968112 0.996372 0.00213291
59 0.990697 0.996276 0.00209892
60 0.997839 0.996302 0.0020641
61 0.985728 0.996128 0.00203753
62 0.969077 0.995692 0.00205085
63 0.989618 0.995596 0.00202056
64 0.999647 0.995659 0.00198998
65 0.990894 0.995586 0.00196072
66 0.98817 0.995473 0.00193423
67 0.981288 0.995261 0.00191691
68 1.03032 0.995777 0.00195681
69 1.00802 0.995954 0.00193648
70 0.999767 0.996009 0.00190958
71 0.996251 0.996012 0.00188269
72 1.04732 0.996725 0.00198684
73 1.00533 0.996843 0.00196312
74 0.995082 0.996819 0.00193673
75 0.994457 0.996788 0.00191117
76 1.01351 0.997007 0.00189864
77 0.991054 0.99693 0.00187555
78 0.979179 0.996703 0.00186526
79 0.995603 0.996689 0.00184171
80 0.973063 0.996393 0.00184221
81 1.00789 0.996535 0.00182493
82 1.03631 0.99702 0.00186602
83 1.00043 0.997062 0.00184399
84 1.02154 0.997353 0.00184492
85 1.01747 0.99759 0.00183833
86 1.00048 0.997623 0.00181727
87 0.9793 0.997413 0.00180854
88 0.987433 0.997299 0.00179154
89 1.00448 0.99738 0.00177323
90 0.99366 0.997339 0.00175401
91 0.983228 0.997183 0.00174157
92 1.01889 0.997419 0.00173855
93 0.988529 0.997324 0.00172248
94 1.00332 0.997388 0.00170534
95 1.0135 0.997557 0.0016958
96 0.997389 0.997555 0.00167813
97 0.971185 0.997284 0.00168271
98 1.02714 0.997588 0.00169289
99 0.963671 0.997246 0.00171011
100 1.00468 0.99732 0.00169462
