1 0.996827 0.996827 0
2 0.999286 0.998056 0.000869438
3 0.996616 0.997576 0.00069973
4 1.00553 0.999566 0.00180087
5 1.00107 0.999867 0.00146562
6 0.992305 0.998606 0.00167792
7 0.999843 0.998783 0.00144749
8 0.995325 0.998351 0.00132953
9 1.0004 0.998578 0.00120108
10 1.00729 0.99945 0.00136089
11 1.00229 0.999708 0.00126147
12 0.99858 0.999614 0.00115984
13 0.99883 0.999554 0.00107219
14 1.00663 1.00006 0.00110823
15 0.999112 0.999996 0.00103614
16 0.987055 0.999187 0.00124775
17 0.999087 0.999181 0.00117437
18 0.999328 0.999189 0.00110915
19 1.00492 0.99949 0.00109097
20 0.998588 0.999445 0.00103735
21 1.00124 0.999531 0.000991478
22 1.00369 0.99972 0.000964281
23 1.00202 0.99982 0.000927511
24 0.992 0.999494 0.000944367
25 1.00545 0.999732 0.000936132
26 1.00089 0.999777 0.00090118
27 1.00289 0.999892 0.000875134
28 1.00588 1.00011 0.000869583
29 1.00765 1.00037 0.000877686
30 0.994646 1.00018 0.000868893
31 1.00501 1.00033 0.000854766
32 1.00225 1.00039 0.000830149
33 1.00211 1.00044 0.000806633
34 1.00564 1.0006 0.000797262
35 0.999183 1.00056 0.000775505
36 0.996044 1.00043 0.000764025
37 0.993965 1.00026 0.000763098
38 1.00301 1.00033 0.000746446
39 0.996905 1.00024 0.000732449
40 0.999264 1.00022 0.000714545
41 1.00214 1.00026 0.000698649
42 1.00714 1.00043 0.000700931
43 0.997308 1.00035 0.000688372
44 0.997063 1.00028 0.000676779
45 1.00036 1.00028 0.000661742
46 0.997685 1.00022 0.000649757
47 0.997858 1.00017 0.00063788
48 0.993995 1.00005 0.00063745
49 1.00042 1.00005 0.000624486
50 0.998625 1.00002 0.000612649
51 0.993402 0.999895 0.000614241
52 0.996254 0.999825 0.000606406
53 1.00132 0.999853 0.000595619
54 0.995051 0.999764 0.000591189
55 0.995798 0.999692 0.000584821
56 0.99483 0.999605 0.000580785
57 0.999261 0.999599 0.000570627
58 1.0023 0.999645 0.000562683
59 1.00023 0.999655 0.000553234
60 1.00149 0.999686 0.000544853
61 1.00736 0.999812 0.000550259
62 1.00373 0.999875 0.000544999
63 0.995516 0.999806 0.000540722
64 0.994945 0.99973 0.000537581
65 1.00087 0.999747 0.000529595
66 0.994247 0.999664 0.000528087
67 1.00017 0.999671 0.000520259
68 0.999321 0.999666 0.000512634
69 1.00683 0.99977 0.0005156
70 1.00871 0.999898 0.000523825
71 0.996253 0.999846 0.000518957
72 0.998456 0.999827 0.000512108
73 0.997281 0.999792 0.000506279
74 0.995339 0.999732 0.000503001
75 1.00002 0.999736 0.00049631
76 0.997029 0.9997 0.000491056
77 0.998883 0.99969 0.000484793
78 1.00497 0.999757 0.00048328
79 1.00297 0.999798 0.000478875
80 1.00223 0.999829 0.000473854
81 1.00565 0.9999 0.000473428
82 1.00306 0.999939 0.000469218
83 0.997214 0.999906 0.000464711
84 1.00253 0.999937 0.000460229
85 0.997281 0.999906 0.000455874
86 0.996715 0.999869 0.000452081
87 1.0066 0.999946 0.000453465
88 1.00505 1 0.000452008
89 0.999619 1 0.00044695
90 0.997493 0.999972 0.000442852
91 1.00139 0.999988 0.000438261
92 1.00209 1.00001 0.000434091
93 0.999963 1.00001 0.000429424
94 1.00446 1.00006 0.00042746
95 0.99982 1.00006 0.000422968
96 1.00064 1.00006 0.000418605
97 1.00668 1.00013 0.000419816
98 0.999257 1.00012 0.000415626
99 0.9965 1.00008 0.000413034
100 1.00343 1.00012 0.000410258
