1 13.8576 13.8576 0
2 13.9925 13.9251 0.0477038
3 13.8877 13.9126 0.0333926
4 11.9009 13.4097 0.436267
5 15.5055 13.8288 0.512227
6 16.5869 14.2885 0.598575
7 19.2869 15.0026 0.83682
8 11.1738 14.524 0.858232
9 15.7568 14.661 0.773728
10 17.0608 14.9009 0.732626
11 16.5245 15.0485 0.680728
12 15.4512 15.0821 0.624827
13 17.6518 15.2798 0.607226
14 18.8763 15.5367 0.6158
15 12.2262 15.316 0.613019
16 13.0075 15.1717 0.59144
17 16.0606 15.224 0.558956
18 12.4412 15.0694 0.548866
19 14.8657 15.0587 0.520083
20 12.3951 14.9255 0.510846
21 12.6347 14.8164 0.49803
22 17.4279 14.9351 0.489334
23 12.8796 14.8457 0.47615
24 19.0644 15.0215 0.487677
25 13.8413 14.9743 0.470449
26 11.1311 14.8265 0.47501
27 16.2578 14.8795 0.460365
28 17.5145 14.9736 0.45344
29 14.3941 14.9536 0.438244
30 17.6749 15.0443 0.432922
31 13.9954 15.0105 0.420277
32 13.3715 14.9593 0.410253
33 15.7108 14.9821 0.398452
34 13.4417 14.9367 0.3893
35 11.9826 14.8523 0.387219
36 14.997 14.8564 0.376484
37 16.0855 14.8896 0.367771
38 12.3545 14.8229 0.364094
39 11.5001 14.7377 0.36459
40 13.7714 14.7135 0.356275
41 15.3162 14.7282 0.347888
42 14.5907 14.7249 0.339621
43 18.8201 14.8202 0.344817
44 17.9425 14.8911 0.344205
45 13.8178 14.8673 0.337381
46 15.352 14.8778 0.330211
47 15.7218 14.8958 0.323673
48 14.6539 14.8907 0.316969
49 13.6659 14.8657 0.311485
50 13.9121 14.8467 0.305838
51 15.0337 14.8503 0.299864
52 16.301 14.8782 0.295392
53 15.4875 14.8897 0.290042
54 13.1103 14.8568 0.286537
55 15.8618 14.8751 0.281909
56 16.4426 14.903 0.278261
57 15.5937 14.9152 0.273643
58 19.027 14.9861 0.277956
59 16.2583 15.0076 0.274081
60 15.5023 15.0159 0.269637
61 14.7807 15.012 0.265244
62 17.7251 15.0558 0.264551
63 14.3712 15.0449 0.260575
64 12.2403 15.0011 0.260162
65 14.6628 14.9959 0.256211
66 16.5565 15.0195 0.253418
67 14.4452 15.0109 0.249781
68 17.8114 15.0521 0.249479
69 17.0672 15.0813 0.247567
70 14.6982 15.0759 0.244091
71 18.4703 15.1237 0.24529
72 15.6622 15.1311 0.241998
73 12.4798 15.0948 0.241393
74 12.0379 15.0535 0.241639
75 15.123 15.0544 0.238419
76 15.2126 15.0565 0.235291
77 15.286 15.0595 0.232254
78 15.3502 15.0632 0.229307
79 14.2454 15.0529 0.226638
80 15.6148 15.0599 0.223914
81 19.1364 15.1102 0.226735
82 15.8998 15.1199 0.224174
83 11.9509 15.0817 0.224701
84 12.3632 15.0493 0.224344
85 15.3897 15.0533 0.221741
86 16.4046 15.069 0.219718
87 14.0045 15.0568 0.217533
88 14.0277 15.0451 0.215375
89 16.8081 15.0649 0.213864
90 20.2743 15.1228 0.219181
91 15.1837 15.1235 0.216774
92 10.9543 15.0781 0.219103
93 16.3103 15.0914 0.217147
94 10.5409 15.043 0.220167
95 13.0559 15.0221 0.218841
96 15.7651 15.0298 0.216698
97 15.3017 15.0326 0.214482
98 12.5163 15.0069 0.213825
99 12.0122 14.9767 0.213794
100 14.0626 14.9675 0.211851
