1 2.98151 2.98151 0
2 3.12695 3.05423 0.0514207
3 3.32668 3.14505 0.081691
4 3.18066 3.15395 0.0617515
5 3.1506 3.15328 0.0494048
6 3.24254 3.16816 0.0433527
7 2.99222 3.14302 0.043844
8 3.15657 3.14472 0.0383962
9 3.16857 3.14737 0.0342213
10 2.9976 3.13239 0.0339183
11 3.24886 3.14298 0.0324455
12 3.18066 3.14612 0.0298933
13 3.22997 3.15257 0.0282812
14 3.10366 3.14908 0.026476
15 3.13283 3.14799 0.024733
16 3.003 3.13893 0.0247918
17 3.1211 3.13788 0.0233556
18 3.27439 3.14547 0.0232568
19 3.16857 3.14668 0.0220646
20 3.13873 3.14628 0.0209649
21 3.0525 3.14182 0.0204367
22 3.09789 3.13982 0.019605
23 3.18674 3.14186 0.0188585
24 2.9656 3.13452 0.0194503
25 3.2175 3.13784 0.0189534
26 2.9976 3.13244 0.0189764
27 3.13873 3.13268 0.018275
28 3.0525 3.12981 0.0178452
29 3.24254 3.1337 0.0176482
30 3.04136 3.13062 0.0173262
31 3.09215 3.12938 0.0168117
32 3.13283 3.12949 0.0162867
33 3.07503 3.12784 0.0158765
34 2.89855 3.1211 0.0167808
35 3.1506 3.12194 0.0163225
36 3.2113 3.12442 0.0160568
37 3.22373 3.1271 0.0158455
38 3.16256 3.12804 0.015456
39 3.25521 3.1313 0.0153998
40 3.26797 3.13472 0.0153892
41 3.1211 3.13438 0.0150174
42 3.1211 3.13407 0.0146632
43 3.26158 3.13703 0.014619
44 3.08071 3.13575 0.0143427
45 3.1211 3.13543 0.0140276
46 3.19285 3.13667 0.0137781
47 3.19898 3.138 0.0135486
48 3.16256 3.13851 0.013276
49 3.1211 3.13816 0.0130098
50 3.32005 3.14179 0.0132485
51 3.10945 3.14116 0.0130039
52 3.19285 3.14215 0.0127917
53 3.16857 3.14265 0.0125601
54 3.14465 3.14269 0.0123275
55 3.08642 3.14167 0.0121458
56 2.90867 3.13751 0.0126214
57 3.22373 3.13902 0.0124903
58 3.1506 3.13922 0.0122766
59 3.06937 3.13803 0.0121254
60 3.15657 3.13834 0.0119273
61 3.22997 3.13985 0.011826
62 3.0525 3.13844 0.0117188
63 3.06937 3.13734 0.011584
64 3.29381 3.13979 0.0116581
65 3.30688 3.14236 0.0117588
66 3.14465 3.14239 0.0115807
67 3.00842 3.14039 0.0115791
68 3.30688 3.14284 0.0116648
69 3.10366 3.14227 0.0115096
70 3.18066 3.14282 0.0113582
71 3.08071 3.14195 0.0112319
72 3.27439 3.14378 0.0112255
73 3.26797 3.14549 0.0111999
74 3.04136 3.14408 0.0111366
75 3.09215 3.14339 0.0110096
76 3.2113 3.14428 0.010901
77 3.1211 3.14398 0.0107635
78 3.06937 3.14302 0.010668
79 3.09789 3.14245 0.0105482
80 3.19898 3.14316 0.01044
81 3.16256 3.1434 0.0103139
82 3.16256 3.14363 0.0101907
83 3.08071 3.14287 0.0100961
84 3.29381 3.14467 0.0101345
85 3.0581 3.14365 0.0100664
86 3.13873 3.14359 0.00994946
87 3.29381 3.14532 0.00998379
88 3.10945 3.14491 0.00987866
89 3.25521 3.14615 0.00984509
90 3.01932 3.14474 0.00983603
91 3.20513 3.14541 0.0097503
92 3.1506 3.14546 0.00964449
93 3.20513 3.1461 0.0095621
94 3.18674 3.14654 0.00947014
95 3.22997 3.14742 0.00941109
96 3.24886 3.14847 0.0093722
97 3.25521 3.14957 0.00933995
98 3.20513 3.15014 0.00926184
99 3.04692 3.1491 0.00922678
100 3.2113 3.14972 0.00915546
